Arguments: 
  C:\Program Files\nodejs\node.exe C:\Users\Chen\AppData\Roaming\npm\node_modules\yarn\bin\yarn.js add @babel/preset-env --dev

PATH: 
  C:\Program Files\Eclipse Adoptium\jdk-17.0.1.12-hotspot\bin;C:\Program Files\NVIDIA GPU Computing Toolkit\CUDA\v11.5\bin;C:\Program Files\NVIDIA GPU Computing Toolkit\CUDA\v11.5\libnvvp;C:\Program Files\Eclipse Foundation\jdk-16.0.2.7-hotspot\bin;C:\Program Files (x86)\VMware\VMware Workstation\bin\;C:\Program Files\Oculus\Support\oculus-runtime;C:\Program Files\Eclipse Foundation\jdk-11.0.12.7-hotspot\bin;C:\Program Files (x86)\AdoptOpenJDK\jre-8.0.292.10-hotspot\bin;C:\Program Files (x86)\Common Files\Intel\Shared Libraries\redist\intel64\compiler;C:\Windows\system32;C:\Windows;C:\Windows\System32\Wbem;C:\Windows\System32\WindowsPowerShell\v1.0\;C:\Windows\System32\OpenSSH\;C:\Program Files\PuTTY\;C:\Program Files\nodejs\;C:\Program Files\Git\cmd;C:\Program Files\Git\mingw64\bin;C:\Program Files\Git\usr\bin;C:\Program Files\dotnet\;C:\Program Files (x86)\QuickTime\QTSystem\;C:\Program Files\NVIDIA Corporation\Nsight Compute 2021.3.1\;C:\Program Files (x86)\NVIDIA Corporation\PhysX\Common;C:\Program Files\android-platform-tools;C:\Users\Chen\AppData\Local\Programs\Python\Python39\Scripts\;C:\Users\Chen\AppData\Local\Programs\Python\Python39\;C:\Users\Chen\AppData\Local\Microsoft\WindowsApps;C:\Users\Chen\AppData\Local\Programs\Microsoft VS Code\bin;C:\Users\Chen\AppData\Roaming\npm;C:\Program Files\youtube-dl;C:\Program Files\ffmpeg;C:\Program Files\JetBrains\IntelliJ IDEA Community Edition 2020.3.3\bin;C:\Users\Chen\AppData\Local\Programs\Fiddler;C:\Users\Chen\.dotnet\tools;;C:\Program Files\JetBrains\IntelliJ IDEA 2021.3\bin;

Yarn version: 
  1.22.17

Node version: 
  16.9.1

Platform: 
  win32 x64

Trace: 
  SyntaxError: D:\development\archive.org-show-total-size\package.json: Unexpected token + in JSON at position 188
      at JSON.parse (<anonymous>)
      at C:\Users\Chen\AppData\Roaming\npm\node_modules\yarn\lib\cli.js:1625:59
      at Generator.next (<anonymous>)
      at step (C:\Users\Chen\AppData\Roaming\npm\node_modules\yarn\lib\cli.js:310:30)
      at C:\Users\Chen\AppData\Roaming\npm\node_modules\yarn\lib\cli.js:321:13

npm manifest: 
  {
    "name": "archive.org-show-total-size",
    "version": "1.0.0",
    "description": "UserScript to show the total size of the current archive item",
    "main": "index.js",
    "scripts": {
      +     "build": "babel src -d lib"
      +   },
    "repository": {
      "type": "git",
      "url": "git+https://github.com/flleeppyy/archive.org-show-total-size.git"
    },
    "keywords": [
      "archive",
      "archive.org"
    ],
    "author": "Flleeppyy",
    "license": "ISC",
    "bugs": {
      "url": "https://github.com/flleeppyy/archive.org-show-total-size/issues"
    },
    "homepage": "https://github.com/flleeppyy/archive.org-show-total-size#readme",
    "devDependencies": {
      "@babel/cli": "^7.16.0",
      "@babel/core": "^7.16.5",
      "eslint": "^8.5.0",
      "lint-staged": "^12.1.3",
      "pre-commit": "^1.2.2",
      "prettier": "^2.5.1",
      "prettier-eslint": "^13.0.0"
    },
    "dependencies": {
      "@babel/eslint-parser": "^7.16.5"
    }
  }

yarn manifest: 
  No manifest

Lockfile: 
  # THIS IS AN AUTOGENERATED FILE. DO NOT EDIT THIS FILE DIRECTLY.
  # yarn lockfile v1
  
  
  "@babel/cli@^7.16.0":
    version "7.16.0"
    resolved "https://registry.yarnpkg.com/@babel/cli/-/cli-7.16.0.tgz#a729b7a48eb80b49f48a339529fc4129fd7bcef3"
    integrity sha512-WLrM42vKX/4atIoQB+eb0ovUof53UUvecb4qGjU2PDDWRiZr50ZpiV8NpcLo7iSxeGYrRG0Mqembsa+UrTAV6Q==
    dependencies:
      commander "^4.0.1"
      convert-source-map "^1.1.0"
      fs-readdir-recursive "^1.1.0"
      glob "^7.0.0"
      make-dir "^2.1.0"
      slash "^2.0.0"
      source-map "^0.5.0"
    optionalDependencies:
      "@nicolo-ribaudo/chokidar-2" "2.1.8-no-fsevents.3"
      chokidar "^3.4.0"
  
  "@babel/code-frame@7.12.11":
    version "7.12.11"
    resolved "https://registry.npmjs.org/@babel/code-frame/-/code-frame-7.12.11.tgz"
    integrity sha512-Zt1yodBx1UcyiePMSkWnU4hPqhwq7hGi2nFL1LeA3EUl+q2LQx16MISgJ0+z7dnmgvP9QtIleuETGOiOH1RcIw==
    dependencies:
      "@babel/highlight" "^7.10.4"
  
  "@babel/code-frame@^7.16.0":
    version "7.16.0"
    resolved "https://registry.yarnpkg.com/@babel/code-frame/-/code-frame-7.16.0.tgz#0dfc80309beec8411e65e706461c408b0bb9b431"
    integrity sha512-IF4EOMEV+bfYwOmNxGzSnjR2EmQod7f1UXOpZM3l4i4o4QNwzjtJAu/HxdjHq0aYBvdqMuQEY1eg0nqW9ZPORA==
    dependencies:
      "@babel/highlight" "^7.16.0"
  
  "@babel/compat-data@^7.16.0":
    version "7.16.4"
    resolved "https://registry.yarnpkg.com/@babel/compat-data/-/compat-data-7.16.4.tgz#081d6bbc336ec5c2435c6346b2ae1fb98b5ac68e"
    integrity sha512-1o/jo7D+kC9ZjHX5v+EHrdjl3PhxMrLSOTGsOdHJ+KL8HCaEK6ehrVL2RS6oHDZp+L7xLirLrPmQtEng769J/Q==
  
  "@babel/core@^7.16.5":
    version "7.16.5"
    resolved "https://registry.yarnpkg.com/@babel/core/-/core-7.16.5.tgz#924aa9e1ae56e1e55f7184c8bf073a50d8677f5c"
    integrity sha512-wUcenlLzuWMZ9Zt8S0KmFwGlH6QKRh3vsm/dhDA3CHkiTA45YuG1XkHRcNRl73EFPXDp/d5kVOU0/y7x2w6OaQ==
    dependencies:
      "@babel/code-frame" "^7.16.0"
      "@babel/generator" "^7.16.5"
      "@babel/helper-compilation-targets" "^7.16.3"
      "@babel/helper-module-transforms" "^7.16.5"
      "@babel/helpers" "^7.16.5"
      "@babel/parser" "^7.16.5"
      "@babel/template" "^7.16.0"
      "@babel/traverse" "^7.16.5"
      "@babel/types" "^7.16.0"
      convert-source-map "^1.7.0"
      debug "^4.1.0"
      gensync "^1.0.0-beta.2"
      json5 "^2.1.2"
      semver "^6.3.0"
      source-map "^0.5.0"
  
  "@babel/eslint-parser@^7.16.5":
    version "7.16.5"
    resolved "https://registry.yarnpkg.com/@babel/eslint-parser/-/eslint-parser-7.16.5.tgz#48d3485091d6e36915358e4c0d0b2ebe6da90462"
    integrity sha512-mUqYa46lgWqHKQ33Q6LNCGp/wPR3eqOYTUixHFsfrSQqRxH0+WOzca75iEjFr5RDGH1dDz622LaHhLOzOuQRUA==
    dependencies:
      eslint-scope "^5.1.1"
      eslint-visitor-keys "^2.1.0"
      semver "^6.3.0"
  
  "@babel/generator@^7.16.5":
    version "7.16.5"
    resolved "https://registry.yarnpkg.com/@babel/generator/-/generator-7.16.5.tgz#26e1192eb8f78e0a3acaf3eede3c6fc96d22bedf"
    integrity sha512-kIvCdjZqcdKqoDbVVdt5R99icaRtrtYhYK/xux5qiWCBmfdvEYMFZ68QCrpE5cbFM1JsuArUNs1ZkuKtTtUcZA==
    dependencies:
      "@babel/types" "^7.16.0"
      jsesc "^2.5.1"
      source-map "^0.5.0"
  
  "@babel/helper-compilation-targets@^7.16.3":
    version "7.16.3"
    resolved "https://registry.yarnpkg.com/@babel/helper-compilation-targets/-/helper-compilation-targets-7.16.3.tgz#5b480cd13f68363df6ec4dc8ac8e2da11363cbf0"
    integrity sha512-vKsoSQAyBmxS35JUOOt+07cLc6Nk/2ljLIHwmq2/NM6hdioUaqEXq/S+nXvbvXbZkNDlWOymPanJGOc4CBjSJA==
    dependencies:
      "@babel/compat-data" "^7.16.0"
      "@babel/helper-validator-option" "^7.14.5"
      browserslist "^4.17.5"
      semver "^6.3.0"
  
  "@babel/helper-environment-visitor@^7.16.5":
    version "7.16.5"
    resolved "https://registry.yarnpkg.com/@babel/helper-environment-visitor/-/helper-environment-visitor-7.16.5.tgz#f6a7f38b3c6d8b07c88faea083c46c09ef5451b8"
    integrity sha512-ODQyc5AnxmZWm/R2W7fzhamOk1ey8gSguo5SGvF0zcB3uUzRpTRmM/jmLSm9bDMyPlvbyJ+PwPEK0BWIoZ9wjg==
    dependencies:
      "@babel/types" "^7.16.0"
  
  "@babel/helper-function-name@^7.16.0":
    version "7.16.0"
    resolved "https://registry.yarnpkg.com/@babel/helper-function-name/-/helper-function-name-7.16.0.tgz#b7dd0797d00bbfee4f07e9c4ea5b0e30c8bb1481"
    integrity sha512-BZh4mEk1xi2h4HFjWUXRQX5AEx4rvaZxHgax9gcjdLWdkjsY7MKt5p0otjsg5noXw+pB+clMCjw+aEVYADMjog==
    dependencies:
      "@babel/helper-get-function-arity" "^7.16.0"
      "@babel/template" "^7.16.0"
      "@babel/types" "^7.16.0"
  
  "@babel/helper-get-function-arity@^7.16.0":
    version "7.16.0"
    resolved "https://registry.yarnpkg.com/@babel/helper-get-function-arity/-/helper-get-function-arity-7.16.0.tgz#0088c7486b29a9cb5d948b1a1de46db66e089cfa"
    integrity sha512-ASCquNcywC1NkYh/z7Cgp3w31YW8aojjYIlNg4VeJiHkqyP4AzIvr4qx7pYDb4/s8YcsZWqqOSxgkvjUz1kpDQ==
    dependencies:
      "@babel/types" "^7.16.0"
  
  "@babel/helper-hoist-variables@^7.16.0":
    version "7.16.0"
    resolved "https://registry.yarnpkg.com/@babel/helper-hoist-variables/-/helper-hoist-variables-7.16.0.tgz#4c9023c2f1def7e28ff46fc1dbcd36a39beaa81a"
    integrity sha512-1AZlpazjUR0EQZQv3sgRNfM9mEVWPK3M6vlalczA+EECcPz3XPh6VplbErL5UoMpChhSck5wAJHthlj1bYpcmg==
    dependencies:
      "@babel/types" "^7.16.0"
  
  "@babel/helper-module-imports@^7.16.0":
    version "7.16.0"
    resolved "https://registry.yarnpkg.com/@babel/helper-module-imports/-/helper-module-imports-7.16.0.tgz#90538e60b672ecf1b448f5f4f5433d37e79a3ec3"
    integrity sha512-kkH7sWzKPq0xt3H1n+ghb4xEMP8k0U7XV3kkB+ZGy69kDk2ySFW1qPi06sjKzFY3t1j6XbJSqr4mF9L7CYVyhg==
    dependencies:
      "@babel/types" "^7.16.0"
  
  "@babel/helper-module-transforms@^7.16.5":
    version "7.16.5"
    resolved "https://registry.yarnpkg.com/@babel/helper-module-transforms/-/helper-module-transforms-7.16.5.tgz#530ebf6ea87b500f60840578515adda2af470a29"
    integrity sha512-CkvMxgV4ZyyioElFwcuWnDCcNIeyqTkCm9BxXZi73RR1ozqlpboqsbGUNvRTflgZtFbbJ1v5Emvm+lkjMYY/LQ==
    dependencies:
      "@babel/helper-environment-visitor" "^7.16.5"
      "@babel/helper-module-imports" "^7.16.0"
      "@babel/helper-simple-access" "^7.16.0"
      "@babel/helper-split-export-declaration" "^7.16.0"
      "@babel/helper-validator-identifier" "^7.15.7"
      "@babel/template" "^7.16.0"
      "@babel/traverse" "^7.16.5"
      "@babel/types" "^7.16.0"
  
  "@babel/helper-simple-access@^7.16.0":
    version "7.16.0"
    resolved "https://registry.yarnpkg.com/@babel/helper-simple-access/-/helper-simple-access-7.16.0.tgz#21d6a27620e383e37534cf6c10bba019a6f90517"
    integrity sha512-o1rjBT/gppAqKsYfUdfHq5Rk03lMQrkPHG1OWzHWpLgVXRH4HnMM9Et9CVdIqwkCQlobnGHEJMsgWP/jE1zUiw==
    dependencies:
      "@babel/types" "^7.16.0"
  
  "@babel/helper-split-export-declaration@^7.16.0":
    version "7.16.0"
    resolved "https://registry.yarnpkg.com/@babel/helper-split-export-declaration/-/helper-split-export-declaration-7.16.0.tgz#29672f43663e936df370aaeb22beddb3baec7438"
    integrity sha512-0YMMRpuDFNGTHNRiiqJX19GjNXA4H0E8jZ2ibccfSxaCogbm3am5WN/2nQNj0YnQwGWM1J06GOcQ2qnh3+0paw==
    dependencies:
      "@babel/types" "^7.16.0"
  
  "@babel/helper-validator-identifier@^7.15.7":
    version "7.15.7"
    resolved "https://registry.npmjs.org/@babel/helper-validator-identifier/-/helper-validator-identifier-7.15.7.tgz"
    integrity sha512-K4JvCtQqad9OY2+yTU8w+E82ywk/fe+ELNlt1G8z3bVGlZfn/hOcQQsUhGhW/N+tb3fxK800wLtKOE/aM0m72w==
  
  "@babel/helper-validator-option@^7.14.5":
    version "7.14.5"
    resolved "https://registry.yarnpkg.com/@babel/helper-validator-option/-/helper-validator-option-7.14.5.tgz#6e72a1fff18d5dfcb878e1e62f1a021c4b72d5a3"
    integrity sha512-OX8D5eeX4XwcroVW45NMvoYaIuFI+GQpA2a8Gi+X/U/cDUIRsV37qQfF905F0htTRCREQIB4KqPeaveRJUl3Ow==
  
  "@babel/helpers@^7.16.5":
    version "7.16.5"
    resolved "https://registry.yarnpkg.com/@babel/helpers/-/helpers-7.16.5.tgz#29a052d4b827846dd76ece16f565b9634c554ebd"
    integrity sha512-TLgi6Lh71vvMZGEkFuIxzaPsyeYCHQ5jJOOX1f0xXn0uciFuE8cEk0wyBquMcCxBXZ5BJhE2aUB7pnWTD150Tw==
    dependencies:
      "@babel/template" "^7.16.0"
      "@babel/traverse" "^7.16.5"
      "@babel/types" "^7.16.0"
  
  "@babel/highlight@^7.10.4", "@babel/highlight@^7.16.0":
    version "7.16.0"
    resolved "https://registry.npmjs.org/@babel/highlight/-/highlight-7.16.0.tgz"
    integrity sha512-t8MH41kUQylBtu2+4IQA3atqevA2lRgqA2wyVB/YiWmsDSuylZZuXOUy9ric30hfzauEFfdsuk/eXTRrGrfd0g==
    dependencies:
      "@babel/helper-validator-identifier" "^7.15.7"
      chalk "^2.0.0"
      js-tokens "^4.0.0"
  
  "@babel/parser@^7.16.0", "@babel/parser@^7.16.5":
    version "7.16.6"
    resolved "https://registry.yarnpkg.com/@babel/parser/-/parser-7.16.6.tgz#8f194828193e8fa79166f34a4b4e52f3e769a314"
    integrity sha512-Gr86ujcNuPDnNOY8mi383Hvi8IYrJVJYuf3XcuBM/Dgd+bINn/7tHqsj+tKkoreMbmGsFLsltI/JJd8fOFWGDQ==
  
  "@babel/template@^7.16.0":
    version "7.16.0"
    resolved "https://registry.yarnpkg.com/@babel/template/-/template-7.16.0.tgz#d16a35ebf4cd74e202083356fab21dd89363ddd6"
    integrity sha512-MnZdpFD/ZdYhXwiunMqqgyZyucaYsbL0IrjoGjaVhGilz+x8YB++kRfygSOIj1yOtWKPlx7NBp+9I1RQSgsd5A==
    dependencies:
      "@babel/code-frame" "^7.16.0"
      "@babel/parser" "^7.16.0"
      "@babel/types" "^7.16.0"
  
  "@babel/traverse@^7.16.5":
    version "7.16.5"
    resolved "https://registry.yarnpkg.com/@babel/traverse/-/traverse-7.16.5.tgz#d7d400a8229c714a59b87624fc67b0f1fbd4b2b3"
    integrity sha512-FOCODAzqUMROikDYLYxl4nmwiLlu85rNqBML/A5hKRVXG2LV8d0iMqgPzdYTcIpjZEBB7D6UDU9vxRZiriASdQ==
    dependencies:
      "@babel/code-frame" "^7.16.0"
      "@babel/generator" "^7.16.5"
      "@babel/helper-environment-visitor" "^7.16.5"
      "@babel/helper-function-name" "^7.16.0"
      "@babel/helper-hoist-variables" "^7.16.0"
      "@babel/helper-split-export-declaration" "^7.16.0"
      "@babel/parser" "^7.16.5"
      "@babel/types" "^7.16.0"
      debug "^4.1.0"
      globals "^11.1.0"
  
  "@babel/types@^7.16.0":
    version "7.16.0"
    resolved "https://registry.yarnpkg.com/@babel/types/-/types-7.16.0.tgz#db3b313804f96aadd0b776c4823e127ad67289ba"
    integrity sha512-PJgg/k3SdLsGb3hhisFvtLOw5ts113klrpLuIPtCJIU+BB24fqq6lf8RWqKJEjzqXR9AEH1rIb5XTqwBHB+kQg==
    dependencies:
      "@babel/helper-validator-identifier" "^7.15.7"
      to-fast-properties "^2.0.0"
  
  "@eslint/eslintrc@^0.4.3":
    version "0.4.3"
    resolved "https://registry.npmjs.org/@eslint/eslintrc/-/eslintrc-0.4.3.tgz"
    integrity sha512-J6KFFz5QCYUJq3pf0mjEcCJVERbzv71PUIDczuh9JkwGEzced6CO5ADLHB1rbf/+oPBtoPfMYNOpGDzCANlbXw==
    dependencies:
      ajv "^6.12.4"
      debug "^4.1.1"
      espree "^7.3.0"
      globals "^13.9.0"
      ignore "^4.0.6"
      import-fresh "^3.2.1"
      js-yaml "^3.13.1"
      minimatch "^3.0.4"
      strip-json-comments "^3.1.1"
  
  "@eslint/eslintrc@^1.0.5":
    version "1.0.5"
    resolved "https://registry.npmjs.org/@eslint/eslintrc/-/eslintrc-1.0.5.tgz"
    integrity sha512-BLxsnmK3KyPunz5wmCCpqy0YelEoxxGmH73Is+Z74oOTMtExcjkr3dDR6quwrjh1YspA8DH9gnX1o069KiS9AQ==
    dependencies:
      ajv "^6.12.4"
      debug "^4.3.2"
      espree "^9.2.0"
      globals "^13.9.0"
      ignore "^4.0.6"
      import-fresh "^3.2.1"
      js-yaml "^4.1.0"
      minimatch "^3.0.4"
      strip-json-comments "^3.1.1"
  
  "@humanwhocodes/config-array@^0.5.0":
    version "0.5.0"
    resolved "https://registry.npmjs.org/@humanwhocodes/config-array/-/config-array-0.5.0.tgz"
    integrity sha512-FagtKFz74XrTl7y6HCzQpwDfXP0yhxe9lHLD1UZxjvZIcbyRz8zTFF/yYNfSfzU414eDwZ1SrO0Qvtyf+wFMQg==
    dependencies:
      "@humanwhocodes/object-schema" "^1.2.0"
      debug "^4.1.1"
      minimatch "^3.0.4"
  
  "@humanwhocodes/config-array@^0.9.2":
    version "0.9.2"
    resolved "https://registry.npmjs.org/@humanwhocodes/config-array/-/config-array-0.9.2.tgz"
    integrity sha512-UXOuFCGcwciWckOpmfKDq/GyhlTf9pN/BzG//x8p8zTOFEcGuA68ANXheFS0AGvy3qgZqLBUkMs7hqzqCKOVwA==
    dependencies:
      "@humanwhocodes/object-schema" "^1.2.1"
      debug "^4.1.1"
      minimatch "^3.0.4"
  
  "@humanwhocodes/object-schema@^1.2.0", "@humanwhocodes/object-schema@^1.2.1":
    version "1.2.1"
    resolved "https://registry.npmjs.org/@humanwhocodes/object-schema/-/object-schema-1.2.1.tgz"
    integrity sha512-ZnQMnLV4e7hDlUvw8H+U8ASL02SS2Gn6+9Ac3wGGLIe7+je2AeAOxPY+izIPJDfFDb7eDjev0Us8MO1iFRN8hA==
  
  "@nicolo-ribaudo/chokidar-2@2.1.8-no-fsevents.3":
    version "2.1.8-no-fsevents.3"
    resolved "https://registry.yarnpkg.com/@nicolo-ribaudo/chokidar-2/-/chokidar-2-2.1.8-no-fsevents.3.tgz#323d72dd25103d0c4fbdce89dadf574a787b1f9b"
    integrity sha512-s88O1aVtXftvp5bCPB7WnmXc5IwOZZ7YPuwNPt+GtOOXpPvad1LfbmjYv+qII7zP6RU2QGnqve27dnLycEnyEQ==
  
  "@types/eslint-visitor-keys@^1.0.0":
    version "1.0.0"
    resolved "https://registry.npmjs.org/@types/eslint-visitor-keys/-/eslint-visitor-keys-1.0.0.tgz"
    integrity sha512-OCutwjDZ4aFS6PB1UZ988C4YgwlBHJd6wCeQqaLdmadZ/7e+w79+hbMUFC1QXDNCmdyoRfAFdm0RypzwR+Qpag==
  
  "@types/json-schema@^7.0.3":
    version "7.0.9"
    resolved "https://registry.npmjs.org/@types/json-schema/-/json-schema-7.0.9.tgz"
    integrity sha512-qcUXuemtEu+E5wZSJHNxUXeCZhAfXKQ41D+duX+VYPde7xyEVZci+/oXKJL13tnRs9lR2pr4fod59GT6/X1/yQ==
  
  "@typescript-eslint/experimental-utils@3.10.1":
    version "3.10.1"
    resolved "https://registry.npmjs.org/@typescript-eslint/experimental-utils/-/experimental-utils-3.10.1.tgz"
    integrity sha512-DewqIgscDzmAfd5nOGe4zm6Bl7PKtMG2Ad0KG8CUZAHlXfAKTF9Ol5PXhiMh39yRL2ChRH1cuuUGOcVyyrhQIw==
    dependencies:
      "@types/json-schema" "^7.0.3"
      "@typescript-eslint/types" "3.10.1"
      "@typescript-eslint/typescript-estree" "3.10.1"
      eslint-scope "^5.0.0"
      eslint-utils "^2.0.0"
  
  "@typescript-eslint/parser@^3.0.0":
    version "3.10.1"
    resolved "https://registry.npmjs.org/@typescript-eslint/parser/-/parser-3.10.1.tgz"
    integrity sha512-Ug1RcWcrJP02hmtaXVS3axPPTTPnZjupqhgj+NnZ6BCkwSImWk/283347+x9wN+lqOdK9Eo3vsyiyDHgsmiEJw==
    dependencies:
      "@types/eslint-visitor-keys" "^1.0.0"
      "@typescript-eslint/experimental-utils" "3.10.1"
      "@typescript-eslint/types" "3.10.1"
      "@typescript-eslint/typescript-estree" "3.10.1"
      eslint-visitor-keys "^1.1.0"
  
  "@typescript-eslint/types@3.10.1":
    version "3.10.1"
    resolved "https://registry.npmjs.org/@typescript-eslint/types/-/types-3.10.1.tgz"
    integrity sha512-+3+FCUJIahE9q0lDi1WleYzjCwJs5hIsbugIgnbB+dSCYUxl8L6PwmsyOPFZde2hc1DlTo/xnkOgiTLSyAbHiQ==
  
  "@typescript-eslint/typescript-estree@3.10.1":
    version "3.10.1"
    resolved "https://registry.npmjs.org/@typescript-eslint/typescript-estree/-/typescript-estree-3.10.1.tgz"
    integrity sha512-QbcXOuq6WYvnB3XPsZpIwztBoquEYLXh2MtwVU+kO8jgYCiv4G5xrSP/1wg4tkvrEE+esZVquIPX/dxPlePk1w==
    dependencies:
      "@typescript-eslint/types" "3.10.1"
      "@typescript-eslint/visitor-keys" "3.10.1"
      debug "^4.1.1"
      glob "^7.1.6"
      is-glob "^4.0.1"
      lodash "^4.17.15"
      semver "^7.3.2"
      tsutils "^3.17.1"
  
  "@typescript-eslint/visitor-keys@3.10.1":
    version "3.10.1"
    resolved "https://registry.npmjs.org/@typescript-eslint/visitor-keys/-/visitor-keys-3.10.1.tgz"
    integrity sha512-9JgC82AaQeglebjZMgYR5wgmfUdUc+EitGUUMW8u2nDckaeimzW+VsoLV6FoimPv2id3VQzfjwBxEMVz08ameQ==
    dependencies:
      eslint-visitor-keys "^1.1.0"
  
  acorn-jsx@^5.2.0, acorn-jsx@^5.3.1:
    version "5.3.2"
    resolved "https://registry.npmjs.org/acorn-jsx/-/acorn-jsx-5.3.2.tgz"
    integrity sha512-rq9s+JNhf0IChjtDXxllJ7g41oZk5SlXtp0LHwyA5cejwn7vKmKp4pPri6YEePv2PU65sAsegbXtIinmDFDXgQ==
  
  acorn@^7.1.1, acorn@^7.4.0:
    version "7.4.1"
    resolved "https://registry.npmjs.org/acorn/-/acorn-7.4.1.tgz"
    integrity sha512-nQyp0o1/mNdbTO1PO6kHkwSrmgZ0MT/jCCpNiwbUjGoRN4dlBhqJtoQuCnEOKzgTVwg0ZWiCoQy6SxMebQVh8A==
  
  acorn@^8.6.0:
    version "8.6.0"
    resolved "https://registry.npmjs.org/acorn/-/acorn-8.6.0.tgz"
    integrity sha512-U1riIR+lBSNi3IbxtaHOIKdH8sLFv3NYfNv8sg7ZsNhcfl4HF2++BfqqrNAxoCLQW1iiylOj76ecnaUxz+z9yw==
  
  aggregate-error@^3.0.0:
    version "3.1.0"
    resolved "https://registry.npmjs.org/aggregate-error/-/aggregate-error-3.1.0.tgz"
    integrity sha512-4I7Td01quW/RpocfNayFdFVk1qSuoh0E7JrbRJ16nH01HhKFQ88INq9Sd+nd72zqRySlr9BmDA8xlEJ6vJMrYA==
    dependencies:
      clean-stack "^2.0.0"
      indent-string "^4.0.0"
  
  ajv@^6.10.0, ajv@^6.12.4:
    version "6.12.6"
    resolved "https://registry.npmjs.org/ajv/-/ajv-6.12.6.tgz"
    integrity sha512-j3fVLgvTo527anyYyJOGTYJbG+vnnQYvE0m5mmkc1TK+nxAppkCLMIL0aZ4dblVCNoGShhm+kzE4ZUykBoMg4g==
    dependencies:
      fast-deep-equal "^3.1.1"
      fast-json-stable-stringify "^2.0.0"
      json-schema-traverse "^0.4.1"
      uri-js "^4.2.2"
  
  ajv@^8.0.1:
    version "8.8.2"
    resolved "https://registry.npmjs.org/ajv/-/ajv-8.8.2.tgz"
    integrity sha512-x9VuX+R/jcFj1DHo/fCp99esgGDWiHENrKxaCENuCxpoMCmAt/COCGVDwA7kleEpEzJjDnvh3yGoOuLu0Dtllw==
    dependencies:
      fast-deep-equal "^3.1.1"
      json-schema-traverse "^1.0.0"
      require-from-string "^2.0.2"
      uri-js "^4.2.2"
  
  ansi-colors@^4.1.1:
    version "4.1.1"
    resolved "https://registry.npmjs.org/ansi-colors/-/ansi-colors-4.1.1.tgz"
    integrity sha512-JoX0apGbHaUJBNl6yF+p6JAFYZ666/hhCGKN5t9QFjbJQKUU/g8MNbFDbvfrgKXvI1QpZplPOnwIo99lX/AAmA==
  
  ansi-escapes@^4.3.0:
    version "4.3.2"
    resolved "https://registry.npmjs.org/ansi-escapes/-/ansi-escapes-4.3.2.tgz"
    integrity sha512-gKXj5ALrKWQLsYG9jlTRmR/xKluxHV+Z9QEwNIgCfM1/uwPMCuzVVnh5mwTd+OuBZcwSIMbqssNWRm1lE51QaQ==
    dependencies:
      type-fest "^0.21.3"
  
  ansi-regex@^2.0.0:
    version "2.1.1"
    resolved "https://registry.npmjs.org/ansi-regex/-/ansi-regex-2.1.1.tgz"
    integrity sha1-w7M6te42DYbg5ijwRorn7yfWVN8=
  
  ansi-regex@^3.0.0:
    version "3.0.0"
    resolved "https://registry.npmjs.org/ansi-regex/-/ansi-regex-3.0.0.tgz"
    integrity sha1-7QMXwyIGT3lGbAKWa922Bas32Zg=
  
  ansi-regex@^5.0.1:
    version "5.0.1"
    resolved "https://registry.npmjs.org/ansi-regex/-/ansi-regex-5.0.1.tgz"
    integrity sha512-quJQXlTSUGL2LH9SUXo8VwsY4soanhgo6LNSm84E1LBcE8s3O0wpdiRzyR9z/ZZJMlMWv37qOOb9pdJlMUEKFQ==
  
  ansi-regex@^6.0.1:
    version "6.0.1"
    resolved "https://registry.npmjs.org/ansi-regex/-/ansi-regex-6.0.1.tgz"
    integrity sha512-n5M855fKb2SsfMIiFFoVrABHJC8QtHwVx+mHWP3QcEqBHYienj5dHSgjbxtC0WEZXYt4wcD6zrQElDPhFuZgfA==
  
  ansi-styles@^2.2.1:
    version "2.2.1"
    resolved "https://registry.npmjs.org/ansi-styles/-/ansi-styles-2.2.1.tgz"
    integrity sha1-tDLdM1i2NM914eRmQ2gkBTPB3b4=
  
  ansi-styles@^3.2.0, ansi-styles@^3.2.1:
    version "3.2.1"
    resolved "https://registry.npmjs.org/ansi-styles/-/ansi-styles-3.2.1.tgz"
    integrity sha512-VT0ZI6kZRdTh8YyJw3SMbYm/u+NqfsAxEpWO0Pf9sq8/e94WxxOpPKx9FR1FlyCtOVDNOQ+8ntlqFxiRc+r5qA==
    dependencies:
      color-convert "^1.9.0"
  
  ansi-styles@^4.0.0, ansi-styles@^4.1.0:
    version "4.3.0"
    resolved "https://registry.npmjs.org/ansi-styles/-/ansi-styles-4.3.0.tgz"
    integrity sha512-zbB9rCJAT1rbjiVDb2hqKFHNYLxgtk8NURxZ3IZwD3F6NtxbXZQCnnSi1Lkx+IDohdPlFp222wVALIheZJQSEg==
    dependencies:
      color-convert "^2.0.1"
  
  ansi-styles@^6.0.0:
    version "6.1.0"
    resolved "https://registry.npmjs.org/ansi-styles/-/ansi-styles-6.1.0.tgz"
    integrity sha512-VbqNsoz55SYGczauuup0MFUyXNQviSpFTj1RQtFzmQLk18qbVSpTFFGMT293rmDaQuKCT6InmbuEyUne4mTuxQ==
  
  anymatch@~3.1.2:
    version "3.1.2"
    resolved "https://registry.yarnpkg.com/anymatch/-/anymatch-3.1.2.tgz#c0557c096af32f106198f4f4e2a383537e378716"
    integrity sha512-P43ePfOAIupkguHUycrc4qJ9kz8ZiuOUijaETwX7THt0Y/GNK7v0aa8rY816xWjZ7rJdA5XdMcpVFTKMq+RvWg==
    dependencies:
      normalize-path "^3.0.0"
      picomatch "^2.0.4"
  
  argparse@^1.0.7:
    version "1.0.10"
    resolved "https://registry.npmjs.org/argparse/-/argparse-1.0.10.tgz"
    integrity sha512-o5Roy6tNG4SL/FOkCAN6RzjiakZS25RLYFrcMttJqbdd8BWrnA+fGz57iN5Pb06pvBGvl5gQ0B48dJlslXvoTg==
    dependencies:
      sprintf-js "~1.0.2"
  
  argparse@^2.0.1:
    version "2.0.1"
    resolved "https://registry.npmjs.org/argparse/-/argparse-2.0.1.tgz"
    integrity sha512-8+9WqebbFzpX9OR+Wa6O29asIogeRMzcGtAINdpMHHyAg10f05aSFVBbcEqGf/PXw1EjAZ+q2/bEBg3DvurK3Q==
  
  astral-regex@^2.0.0:
    version "2.0.0"
    resolved "https://registry.npmjs.org/astral-regex/-/astral-regex-2.0.0.tgz"
    integrity sha512-Z7tMw1ytTXt5jqMcOP+OQteU1VuNK9Y02uuJtKQ1Sv69jXQKKg5cibLwGJow8yzZP+eAc18EmLGPal0bp36rvQ==
  
  balanced-match@^1.0.0:
    version "1.0.2"
    resolved "https://registry.npmjs.org/balanced-match/-/balanced-match-1.0.2.tgz"
    integrity sha512-3oSeUO0TMV67hN1AmbXsK4yaqU7tjiHlbxRDZOpH0KW9+CeX4bRAaX0Anxt0tx2MrpRpWwQaPwIlISEJhYU5Pw==
  
  binary-extensions@^2.0.0:
    version "2.2.0"
    resolved "https://registry.yarnpkg.com/binary-extensions/-/binary-extensions-2.2.0.tgz#75f502eeaf9ffde42fc98829645be4ea76bd9e2d"
    integrity sha512-jDctJ/IVQbZoJykoeHbhXpOlNBqGNcwXJKJog42E5HDPUwQTSdjCHdihjj0DlnheQ7blbT6dHOafNAiS8ooQKA==
  
  brace-expansion@^1.1.7:
    version "1.1.11"
    resolved "https://registry.npmjs.org/brace-expansion/-/brace-expansion-1.1.11.tgz"
    integrity sha512-iCuPHDFgrHX7H2vEI/5xpz07zSHB00TpugqhmYtVmMO6518mCuRMoOYFldEBl0g187ufozdaHgWKcYFb61qGiA==
    dependencies:
      balanced-match "^1.0.0"
      concat-map "0.0.1"
  
  braces@^3.0.1, braces@~3.0.2:
    version "3.0.2"
    resolved "https://registry.npmjs.org/braces/-/braces-3.0.2.tgz"
    integrity sha512-b8um+L1RzM3WDSzvhm6gIz1yfTbBt6YTlcEKAvsmqCZZFw46z626lVj9j1yEPW33H5H+lBQpZMP1k8l+78Ha0A==
    dependencies:
      fill-range "^7.0.1"
  
  browserslist@^4.17.5:
    version "4.19.1"
    resolved "https://registry.yarnpkg.com/browserslist/-/browserslist-4.19.1.tgz#4ac0435b35ab655896c31d53018b6dd5e9e4c9a3"
    integrity sha512-u2tbbG5PdKRTUoctO3NBD8FQ5HdPh1ZXPHzp1rwaa5jTc+RV9/+RlWiAIKmjRPQF+xbGM9Kklj5bZQFa2s/38A==
    dependencies:
      caniuse-lite "^1.0.30001286"
      electron-to-chromium "^1.4.17"
      escalade "^3.1.1"
      node-releases "^2.0.1"
      picocolors "^1.0.0"
  
  buffer-from@^1.0.0:
    version "1.1.2"
    resolved "https://registry.npmjs.org/buffer-from/-/buffer-from-1.1.2.tgz"
    integrity sha512-E+XQCRwSbaaiChtv6k6Dwgc+bx+Bs6vuKJHHl5kox/BaKbhiXzqQOwK4cO22yElGp2OCmjwVhT3HmxgyPGnJfQ==
  
  callsites@^3.0.0:
    version "3.1.0"
    resolved "https://registry.npmjs.org/callsites/-/callsites-3.1.0.tgz"
    integrity sha512-P8BjAsXvZS+VIDUI11hHCQEv74YT67YUi5JJFNWIqL235sBmjX4+qx9Muvls5ivyNENctx46xQLQ3aTuE7ssaQ==
  
  caniuse-lite@^1.0.30001286:
    version "1.0.30001291"
    resolved "https://registry.yarnpkg.com/caniuse-lite/-/caniuse-lite-1.0.30001291.tgz#08a8d2cfea0b2cf2e1d94dd795942d0daef6108c"
    integrity sha512-roMV5V0HNGgJ88s42eE70sstqGW/gwFndosYrikHthw98N5tLnOTxFqMLQjZVRxTWFlJ4rn+MsgXrR7MDPY4jA==
  
  chalk@^1.1.3:
    version "1.1.3"
    resolved "https://registry.npmjs.org/chalk/-/chalk-1.1.3.tgz"
    integrity sha1-qBFcVeSnAv5NFQq9OHKCKn4J/Jg=
    dependencies:
      ansi-styles "^2.2.1"
      escape-string-regexp "^1.0.2"
      has-ansi "^2.0.0"
      strip-ansi "^3.0.0"
      supports-color "^2.0.0"
  
  chalk@^2.0.0:
    version "2.4.2"
    resolved "https://registry.npmjs.org/chalk/-/chalk-2.4.2.tgz"
    integrity sha512-Mti+f9lpJNcwF4tWV8/OrTTtF1gZi+f8FqlyAdouralcFWFQWF2+NgCHShjkCb+IFBLq9buZwE1xckQU4peSuQ==
    dependencies:
      ansi-styles "^3.2.1"
      escape-string-regexp "^1.0.5"
      supports-color "^5.3.0"
  
  chalk@^4.0.0:
    version "4.1.2"
    resolved "https://registry.npmjs.org/chalk/-/chalk-4.1.2.tgz"
    integrity sha512-oKnbhFyRIXpUuez8iBMmyEa4nbj4IOQyuhc/wy9kY7/WVPcwIO9VA668Pu8RkO7+0G76SLROeyw9CpQ061i4mA==
    dependencies:
      ansi-styles "^4.1.0"
      supports-color "^7.1.0"
  
  chokidar@^3.4.0:
    version "3.5.2"
    resolved "https://registry.yarnpkg.com/chokidar/-/chokidar-3.5.2.tgz#dba3976fcadb016f66fd365021d91600d01c1e75"
    integrity sha512-ekGhOnNVPgT77r4K/U3GDhu+FQ2S8TnK/s2KbIGXi0SZWuwkZ2QNyfWdZW+TVfn84DpEP7rLeCt2UI6bJ8GwbQ==
    dependencies:
      anymatch "~3.1.2"
      braces "~3.0.2"
      glob-parent "~5.1.2"
      is-binary-path "~2.1.0"
      is-glob "~4.0.1"
      normalize-path "~3.0.0"
      readdirp "~3.6.0"
    optionalDependencies:
      fsevents "~2.3.2"
  
  clean-stack@^2.0.0:
    version "2.2.0"
    resolved "https://registry.npmjs.org/clean-stack/-/clean-stack-2.2.0.tgz"
    integrity sha512-4diC9HaTE+KRAMWhDhrGOECgWZxoevMc5TlkObMqNSsVU62PYzXZ/SMTjzyGAFF1YusgxGcSWTEXBhp0CPwQ1A==
  
  cli-cursor@^3.1.0:
    version "3.1.0"
    resolved "https://registry.npmjs.org/cli-cursor/-/cli-cursor-3.1.0.tgz"
    integrity sha512-I/zHAwsKf9FqGoXM4WWRACob9+SNukZTd94DWF57E4toouRulbCxcUh6RKUEOQlYTHJnzkPMySvPNaaSLNfLZw==
    dependencies:
      restore-cursor "^3.1.0"
  
  cli-truncate@^2.1.0:
    version "2.1.0"
    resolved "https://registry.npmjs.org/cli-truncate/-/cli-truncate-2.1.0.tgz"
    integrity sha512-n8fOixwDD6b/ObinzTrp1ZKFzbgvKZvuz/TvejnLn1aQfC6r52XEx85FmuC+3HI+JM7coBRXUvNqEU2PHVrHpg==
    dependencies:
      slice-ansi "^3.0.0"
      string-width "^4.2.0"
  
  cli-truncate@^3.1.0:
    version "3.1.0"
    resolved "https://registry.npmjs.org/cli-truncate/-/cli-truncate-3.1.0.tgz"
    integrity sha512-wfOBkjXteqSnI59oPcJkcPl/ZmwvMMOj340qUIY1SKZCv0B9Cf4D4fAucRkIKQmsIuYK3x1rrgU7MeGRruiuiA==
    dependencies:
      slice-ansi "^5.0.0"
      string-width "^5.0.0"
  
  color-convert@^1.9.0:
    version "1.9.3"
    resolved "https://registry.npmjs.org/color-convert/-/color-convert-1.9.3.tgz"
    integrity sha512-QfAUtd+vFdAtFQcC8CCyYt1fYWxSqAiK2cSD6zDB8N3cpsEBAvRxp9zOGg6G/SHHJYAT88/az/IuDGALsNVbGg==
    dependencies:
      color-name "1.1.3"
  
  color-convert@^2.0.1:
    version "2.0.1"
    resolved "https://registry.npmjs.org/color-convert/-/color-convert-2.0.1.tgz"
    integrity sha512-RRECPsj7iu/xb5oKYcsFHSppFNnsj/52OVTRKb4zP5onXwVF3zVmmToNcOfGC+CRDpfK/U584fMg38ZHCaElKQ==
    dependencies:
      color-name "~1.1.4"
  
  color-name@1.1.3:
    version "1.1.3"
    resolved "https://registry.npmjs.org/color-name/-/color-name-1.1.3.tgz"
    integrity sha1-p9BVi9icQveV3UIyj3QIMcpTvCU=
  
  color-name@~1.1.4:
    version "1.1.4"
    resolved "https://registry.npmjs.org/color-name/-/color-name-1.1.4.tgz"
    integrity sha512-dOy+3AuW3a2wNbZHIuMZpTcgjGuLU/uBL/ubcZF9OXbDo8ff4O8yVp5Bf0efS8uEoYo5q4Fx7dY9OgQGXgAsQA==
  
  colorette@^2.0.16:
    version "2.0.16"
    resolved "https://registry.npmjs.org/colorette/-/colorette-2.0.16.tgz"
    integrity sha512-hUewv7oMjCp+wkBv5Rm0v87eJhq4woh5rSR+42YSQJKecCqgIqNkZ6lAlQms/BwHPJA5NKMRlpxPRv0n8HQW6g==
  
  commander@^4.0.1:
    version "4.1.1"
    resolved "https://registry.yarnpkg.com/commander/-/commander-4.1.1.tgz#9fd602bd936294e9e9ef46a3f4d6964044b18068"
    integrity sha512-NOKm8xhkzAjzFx8B2v5OAHT+u5pRQc2UCa2Vq9jYL/31o2wi9mxBA7LIFs3sV5VSC49z6pEhfbMULvShKj26WA==
  
  commander@^8.3.0:
    version "8.3.0"
    resolved "https://registry.npmjs.org/commander/-/commander-8.3.0.tgz"
    integrity sha512-OkTL9umf+He2DZkUq8f8J9of7yL6RJKI24dVITBmNfZBmri9zYZQrKkuXiKhyfPSu8tUhnVBB1iKXevvnlR4Ww==
  
  common-tags@^1.4.0:
    version "1.8.2"
    resolved "https://registry.npmjs.org/common-tags/-/common-tags-1.8.2.tgz"
    integrity sha512-gk/Z852D2Wtb//0I+kRFNKKE9dIIVirjoqPoA1wJU+XePVXZfGeBpk45+A1rKO4Q43prqWBNY/MiIeRLbPWUaA==
  
  concat-map@0.0.1:
    version "0.0.1"
    resolved "https://registry.npmjs.org/concat-map/-/concat-map-0.0.1.tgz"
    integrity sha1-2Klr13/Wjfd5OnMDajug1UBdR3s=
  
  concat-stream@^1.4.7:
    version "1.6.2"
    resolved "https://registry.npmjs.org/concat-stream/-/concat-stream-1.6.2.tgz"
    integrity sha512-27HBghJxjiZtIk3Ycvn/4kbJk/1uZuJFfuPEns6LaEvpvG1f0hTea8lilrouyo9mVc2GWdcEZ8OLoGmSADlrCw==
    dependencies:
      buffer-from "^1.0.0"
      inherits "^2.0.3"
      readable-stream "^2.2.2"
      typedarray "^0.0.6"
  
  convert-source-map@^1.1.0, convert-source-map@^1.7.0:
    version "1.8.0"
    resolved "https://registry.yarnpkg.com/convert-source-map/-/convert-source-map-1.8.0.tgz#f3373c32d21b4d780dd8004514684fb791ca4369"
    integrity sha512-+OQdjP49zViI/6i7nIJpA8rAl4sV/JdPfU9nZs3VqOwGIgizICvuN2ru6fMd+4llL0tar18UYJXfZ/TWtmhUjA==
    dependencies:
      safe-buffer "~5.1.1"
  
  core-util-is@~1.0.0:
    version "1.0.3"
    resolved "https://registry.npmjs.org/core-util-is/-/core-util-is-1.0.3.tgz"
    integrity sha512-ZQBvi1DcpJ4GDqanjucZ2Hj3wEO5pZDS89BWbkcrvdxksJorwUDDZamX9ldFkp9aw2lmBDLgkObEA4DWNJ9FYQ==
  
  cross-spawn@^5.0.1:
    version "5.1.0"
    resolved "https://registry.npmjs.org/cross-spawn/-/cross-spawn-5.1.0.tgz"
    integrity sha1-6L0O/uWPz/b4+UUQoKVUu/ojVEk=
    dependencies:
      lru-cache "^4.0.1"
      shebang-command "^1.2.0"
      which "^1.2.9"
  
  cross-spawn@^7.0.2, cross-spawn@^7.0.3:
    version "7.0.3"
    resolved "https://registry.npmjs.org/cross-spawn/-/cross-spawn-7.0.3.tgz"
    integrity sha512-iRDPJKUPVEND7dHPO8rkbOnPpyDygcDFtWjpeWNCgy8WP2rXcxXL8TskReQl6OrB2G7+UJrags1q15Fudc7G6w==
    dependencies:
      path-key "^3.1.0"
      shebang-command "^2.0.0"
      which "^2.0.1"
  
  debug@^4.0.1, debug@^4.1.0, debug@^4.1.1, debug@^4.3.2, debug@^4.3.3:
    version "4.3.3"
    resolved "https://registry.npmjs.org/debug/-/debug-4.3.3.tgz"
    integrity sha512-/zxw5+vh1Tfv+4Qn7a5nsbcJKPaSvCDhojn6FEl9vupwK2VCSDtEiEtqr8DFtzYFOdz63LBkxec7DYuc2jon6Q==
    dependencies:
      ms "2.1.2"
  
  deep-is@^0.1.3:
    version "0.1.4"
    resolved "https://registry.npmjs.org/deep-is/-/deep-is-0.1.4.tgz"
    integrity sha512-oIPzksmTg4/MriiaYGO+okXDT7ztn/w3Eptv/+gSIdMdKsJo0u4CfYNFJPy+4SKMuCqGw2wxnA+URMg3t8a/bQ==
  
  dlv@^1.1.0:
    version "1.1.3"
    resolved "https://registry.npmjs.org/dlv/-/dlv-1.1.3.tgz"
    integrity sha512-+HlytyjlPKnIG8XuRG8WvmBP8xs8P71y+SKKS6ZXWoEgLuePxtDoUEiH7WkdePWrQ5JBpE6aoVqfZfJUQkjXwA==
  
  doctrine@^3.0.0:
    version "3.0.0"
    resolved "https://registry.npmjs.org/doctrine/-/doctrine-3.0.0.tgz"
    integrity sha512-yS+Q5i3hBf7GBkd4KG8a7eBNNWNGLTaEwwYWUijIYM7zrlYDM0BFXHjjPWlWZ1Rg7UaddZeIDmi9jF3HmqiQ2w==
    dependencies:
      esutils "^2.0.2"
  
  electron-to-chromium@^1.4.17:
    version "1.4.25"
    resolved "https://registry.yarnpkg.com/electron-to-chromium/-/electron-to-chromium-1.4.25.tgz#ce95e6678f8c6893ae892c7e95a5000e83f1957f"
    integrity sha512-bTwub9Y/76EiNmfaiJih+hAy6xn7Ns95S4KvI2NuKNOz8TEEKKQUu44xuy0PYMudjM9zdjKRS1bitsUvHTfuUg==
  
  emoji-regex@^8.0.0:
    version "8.0.0"
    resolved "https://registry.npmjs.org/emoji-regex/-/emoji-regex-8.0.0.tgz"
    integrity sha512-MSjYzcWNOA0ewAHpz0MxpYFvwg6yjy1NG3xteoqz644VCo/RPgnr1/GGt+ic3iJTzQ8Eu3TdM14SawnVUmGE6A==
  
  emoji-regex@^9.2.2:
    version "9.2.2"
    resolved "https://registry.npmjs.org/emoji-regex/-/emoji-regex-9.2.2.tgz"
    integrity sha512-L18DaJsXSUk2+42pv8mLs5jJT2hqFkFE4j21wOmgbUqsZ2hL72NsUU785g9RXgo3s0ZNgVl42TiHp3ZtOv/Vyg==
  
  enquirer@^2.3.5:
    version "2.3.6"
    resolved "https://registry.npmjs.org/enquirer/-/enquirer-2.3.6.tgz"
    integrity sha512-yjNnPr315/FjS4zIsUxYguYUPP2e1NK4d7E7ZOLiyYCcbFBiTMyID+2wvm2w6+pZ/odMA7cRkjhsPbltwBOrLg==
    dependencies:
      ansi-colors "^4.1.1"
  
  escalade@^3.1.1:
    version "3.1.1"
    resolved "https://registry.yarnpkg.com/escalade/-/escalade-3.1.1.tgz#d8cfdc7000965c5a0174b4a82eaa5c0552742e40"
    integrity sha512-k0er2gUkLf8O0zKJiAhmkTnJlTvINGv7ygDNPbeIsX/TJjGJZHuh9B2UxbsaEkmlEo9MfhrSzmhIlhRlI2GXnw==
  
  escape-string-regexp@^1.0.2, escape-string-regexp@^1.0.5:
    version "1.0.5"
    resolved "https://registry.npmjs.org/escape-string-regexp/-/escape-string-regexp-1.0.5.tgz"
    integrity sha1-G2HAViGQqN/2rjuyzwIAyhMLhtQ=
  
  escape-string-regexp@^4.0.0:
    version "4.0.0"
    resolved "https://registry.npmjs.org/escape-string-regexp/-/escape-string-regexp-4.0.0.tgz"
    integrity sha512-TtpcNJ3XAzx3Gq8sWRzJaVajRs0uVxA2YAkdb1jm2YkPz4G6egUFAyA3n5vtEIZefPk5Wa4UXbKuS5fKkJWdgA==
  
  eslint-scope@^5.0.0, eslint-scope@^5.1.1:
    version "5.1.1"
    resolved "https://registry.npmjs.org/eslint-scope/-/eslint-scope-5.1.1.tgz"
    integrity sha512-2NxwbF/hZ0KpepYN0cNbo+FN6XoK7GaHlQhgx/hIZl6Va0bF45RQOOwhLIy8lQDbuCiadSLCBnH2CFYquit5bw==
    dependencies:
      esrecurse "^4.3.0"
      estraverse "^4.1.1"
  
  eslint-scope@^7.1.0:
    version "7.1.0"
    resolved "https://registry.npmjs.org/eslint-scope/-/eslint-scope-7.1.0.tgz"
    integrity sha512-aWwkhnS0qAXqNOgKOK0dJ2nvzEbhEvpy8OlJ9kZ0FeZnA6zpjv1/Vei+puGFFX7zkPCkHHXb7IDX3A+7yPrRWg==
    dependencies:
      esrecurse "^4.3.0"
      estraverse "^5.2.0"
  
  eslint-utils@^2.0.0, eslint-utils@^2.1.0:
    version "2.1.0"
    resolved "https://registry.npmjs.org/eslint-utils/-/eslint-utils-2.1.0.tgz"
    integrity sha512-w94dQYoauyvlDc43XnGB8lU3Zt713vNChgt4EWwhXAP2XkBvndfxF0AgIqKOOasjPIPzj9JqgwkwbCYD0/V3Zg==
    dependencies:
      eslint-visitor-keys "^1.1.0"
  
  eslint-utils@^3.0.0:
    version "3.0.0"
    resolved "https://registry.npmjs.org/eslint-utils/-/eslint-utils-3.0.0.tgz"
    integrity sha512-uuQC43IGctw68pJA1RgbQS8/NP7rch6Cwd4j3ZBtgo4/8Flj4eGE7ZYSZRN3iq5pVUv6GPdW5Z1RFleo84uLDA==
    dependencies:
      eslint-visitor-keys "^2.0.0"
  
  eslint-visitor-keys@^1.1.0, eslint-visitor-keys@^1.3.0:
    version "1.3.0"
    resolved "https://registry.npmjs.org/eslint-visitor-keys/-/eslint-visitor-keys-1.3.0.tgz"
    integrity sha512-6J72N8UNa462wa/KFODt/PJ3IU60SDpC3QXC1Hjc1BXXpfL2C9R5+AU7jhe0F6GREqVMh4Juu+NY7xn+6dipUQ==
  
  eslint-visitor-keys@^2.0.0, eslint-visitor-keys@^2.1.0:
    version "2.1.0"
    resolved "https://registry.npmjs.org/eslint-visitor-keys/-/eslint-visitor-keys-2.1.0.tgz"
    integrity sha512-0rSmRBzXgDzIsD6mGdJgevzgezI534Cer5L/vyMX0kHzT/jiB43jRhd9YUlMGYLQy2zprNmoT8qasCGtY+QaKw==
  
  eslint-visitor-keys@^3.1.0:
    version "3.1.0"
    resolved "https://registry.npmjs.org/eslint-visitor-keys/-/eslint-visitor-keys-3.1.0.tgz"
    integrity sha512-yWJFpu4DtjsWKkt5GeNBBuZMlNcYVs6vRCLoCVEJrTjaSB6LC98gFipNK/erM2Heg/E8mIK+hXG/pJMLK+eRZA==
  
  eslint@^7.9.0:
    version "7.32.0"
    resolved "https://registry.npmjs.org/eslint/-/eslint-7.32.0.tgz"
    integrity sha512-VHZ8gX+EDfz+97jGcgyGCyRia/dPOd6Xh9yPv8Bl1+SoaIwD+a/vlrOmGRUyOYu7MwUhc7CxqeaDZU13S4+EpA==
    dependencies:
      "@babel/code-frame" "7.12.11"
      "@eslint/eslintrc" "^0.4.3"
      "@humanwhocodes/config-array" "^0.5.0"
      ajv "^6.10.0"
      chalk "^4.0.0"
      cross-spawn "^7.0.2"
      debug "^4.0.1"
      doctrine "^3.0.0"
      enquirer "^2.3.5"
      escape-string-regexp "^4.0.0"
      eslint-scope "^5.1.1"
      eslint-utils "^2.1.0"
      eslint-visitor-keys "^2.0.0"
      espree "^7.3.1"
      esquery "^1.4.0"
      esutils "^2.0.2"
      fast-deep-equal "^3.1.3"
      file-entry-cache "^6.0.1"
      functional-red-black-tree "^1.0.1"
      glob-parent "^5.1.2"
      globals "^13.6.0"
      ignore "^4.0.6"
      import-fresh "^3.0.0"
      imurmurhash "^0.1.4"
      is-glob "^4.0.0"
      js-yaml "^3.13.1"
      json-stable-stringify-without-jsonify "^1.0.1"
      levn "^0.4.1"
      lodash.merge "^4.6.2"
      minimatch "^3.0.4"
      natural-compare "^1.4.0"
      optionator "^0.9.1"
      progress "^2.0.0"
      regexpp "^3.1.0"
      semver "^7.2.1"
      strip-ansi "^6.0.0"
      strip-json-comments "^3.1.0"
      table "^6.0.9"
      text-table "^0.2.0"
      v8-compile-cache "^2.0.3"
  
  eslint@^8.5.0:
    version "8.5.0"
    resolved "https://registry.npmjs.org/eslint/-/eslint-8.5.0.tgz"
    integrity sha512-tVGSkgNbOfiHyVte8bCM8OmX+xG9PzVG/B4UCF60zx7j61WIVY/AqJECDgpLD4DbbESD0e174gOg3ZlrX15GDg==
    dependencies:
      "@eslint/eslintrc" "^1.0.5"
      "@humanwhocodes/config-array" "^0.9.2"
      ajv "^6.10.0"
      chalk "^4.0.0"
      cross-spawn "^7.0.2"
      debug "^4.3.2"
      doctrine "^3.0.0"
      enquirer "^2.3.5"
      escape-string-regexp "^4.0.0"
      eslint-scope "^7.1.0"
      eslint-utils "^3.0.0"
      eslint-visitor-keys "^3.1.0"
      espree "^9.2.0"
      esquery "^1.4.0"
      esutils "^2.0.2"
      fast-deep-equal "^3.1.3"
      file-entry-cache "^6.0.1"
      functional-red-black-tree "^1.0.1"
      glob-parent "^6.0.1"
      globals "^13.6.0"
      ignore "^4.0.6"
      import-fresh "^3.0.0"
      imurmurhash "^0.1.4"
      is-glob "^4.0.0"
      js-yaml "^4.1.0"
      json-stable-stringify-without-jsonify "^1.0.1"
      levn "^0.4.1"
      lodash.merge "^4.6.2"
      minimatch "^3.0.4"
      natural-compare "^1.4.0"
      optionator "^0.9.1"
      progress "^2.0.0"
      regexpp "^3.2.0"
      semver "^7.2.1"
      strip-ansi "^6.0.1"
      strip-json-comments "^3.1.0"
      text-table "^0.2.0"
      v8-compile-cache "^2.0.3"
  
  espree@^6.2.1:
    version "6.2.1"
    resolved "https://registry.npmjs.org/espree/-/espree-6.2.1.tgz"
    integrity sha512-ysCxRQY3WaXJz9tdbWOwuWr5Y/XrPTGX9Kiz3yoUXwW0VZ4w30HTkQLaGx/+ttFjF8i+ACbArnB4ce68a9m5hw==
    dependencies:
      acorn "^7.1.1"
      acorn-jsx "^5.2.0"
      eslint-visitor-keys "^1.1.0"
  
  espree@^7.3.0, espree@^7.3.1:
    version "7.3.1"
    resolved "https://registry.npmjs.org/espree/-/espree-7.3.1.tgz"
    integrity sha512-v3JCNCE64umkFpmkFGqzVKsOT0tN1Zr+ueqLZfpV1Ob8e+CEgPWa+OxCoGH3tnhimMKIaBm4m/vaRpJ/krRz2g==
    dependencies:
      acorn "^7.4.0"
      acorn-jsx "^5.3.1"
      eslint-visitor-keys "^1.3.0"
  
  espree@^9.2.0:
    version "9.2.0"
    resolved "https://registry.npmjs.org/espree/-/espree-9.2.0.tgz"
    integrity sha512-oP3utRkynpZWF/F2x/HZJ+AGtnIclaR7z1pYPxy7NYM2fSO6LgK/Rkny8anRSPK/VwEA1eqm2squui0T7ZMOBg==
    dependencies:
      acorn "^8.6.0"
      acorn-jsx "^5.3.1"
      eslint-visitor-keys "^3.1.0"
  
  esprima@^4.0.0:
    version "4.0.1"
    resolved "https://registry.npmjs.org/esprima/-/esprima-4.0.1.tgz"
    integrity sha512-eGuFFw7Upda+g4p+QHvnW0RyTX/SVeJBDM/gCtMARO0cLuT2HcEKnTPvhjV6aGeqrCB/sbNop0Kszm0jsaWU4A==
  
  esquery@^1.0.1, esquery@^1.4.0:
    version "1.4.0"
    resolved "https://registry.npmjs.org/esquery/-/esquery-1.4.0.tgz"
    integrity sha512-cCDispWt5vHHtwMY2YrAQ4ibFkAL8RbH5YGBnZBc90MolvvfkkQcJro/aZiAQUlQ3qgrYS6D6v8Gc5G5CQsc9w==
    dependencies:
      estraverse "^5.1.0"
  
  esrecurse@^4.3.0:
    version "4.3.0"
    resolved "https://registry.npmjs.org/esrecurse/-/esrecurse-4.3.0.tgz"
    integrity sha512-KmfKL3b6G+RXvP8N1vr3Tq1kL/oCFgn2NYXEtqP8/L3pKapUA4G8cFVaoF3SU323CD4XypR/ffioHmkti6/Tag==
    dependencies:
      estraverse "^5.2.0"
  
  estraverse@^4.1.1:
    version "4.3.0"
    resolved "https://registry.npmjs.org/estraverse/-/estraverse-4.3.0.tgz"
    integrity sha512-39nnKffWz8xN1BU/2c79n9nB9HDzo0niYUqx6xyqUnyoAnQyyWpOTdZEeiCch8BBu515t4wp9ZmgVfVhn9EBpw==
  
  estraverse@^5.1.0, estraverse@^5.2.0:
    version "5.3.0"
    resolved "https://registry.npmjs.org/estraverse/-/estraverse-5.3.0.tgz"
    integrity sha512-MMdARuVEQziNTeJD8DgMqmhwR11BRQ/cBP+pLtYdSTnf3MIO8fFeiINEbX36ZdNlfU/7A9f3gUw49B3oQsvwBA==
  
  esutils@^2.0.2:
    version "2.0.3"
    resolved "https://registry.npmjs.org/esutils/-/esutils-2.0.3.tgz"
    integrity sha512-kVscqXk4OCp68SZ0dkgEKVi6/8ij300KBWTJq32P/dYeWTSwK41WyTxalN1eRmA5Z9UU/LX9D7FWSmV9SAYx6g==
  
  execa@^5.1.1:
    version "5.1.1"
    resolved "https://registry.npmjs.org/execa/-/execa-5.1.1.tgz"
    integrity sha512-8uSpZZocAZRBAPIEINJj3Lo9HyGitllczc27Eh5YYojjMFMn8yHMDMaUHE2Jqfq05D/wucwI4JGURyXt1vchyg==
    dependencies:
      cross-spawn "^7.0.3"
      get-stream "^6.0.0"
      human-signals "^2.1.0"
      is-stream "^2.0.0"
      merge-stream "^2.0.0"
      npm-run-path "^4.0.1"
      onetime "^5.1.2"
      signal-exit "^3.0.3"
      strip-final-newline "^2.0.0"
  
  fast-deep-equal@^3.1.1, fast-deep-equal@^3.1.3:
    version "3.1.3"
    resolved "https://registry.npmjs.org/fast-deep-equal/-/fast-deep-equal-3.1.3.tgz"
    integrity sha512-f3qQ9oQy9j2AhBe/H9VC91wLmKBCCU/gDOnKNAYG5hswO7BLKj09Hc5HYNz9cGI++xlpDCIgDaitVs03ATR84Q==
  
  fast-json-stable-stringify@^2.0.0:
    version "2.1.0"
    resolved "https://registry.npmjs.org/fast-json-stable-stringify/-/fast-json-stable-stringify-2.1.0.tgz"
    integrity sha512-lhd/wF+Lk98HZoTCtlVraHtfh5XYijIjalXck7saUtuanSDyLMxnHhSXEDJqHxD7msR8D0uCmqlkwjCV8xvwHw==
  
  fast-levenshtein@^2.0.6:
    version "2.0.6"
    resolved "https://registry.npmjs.org/fast-levenshtein/-/fast-levenshtein-2.0.6.tgz"
    integrity sha1-PYpcZog6FqMMqGQ+hR8Zuqd5eRc=
  
  file-entry-cache@^6.0.1:
    version "6.0.1"
    resolved "https://registry.npmjs.org/file-entry-cache/-/file-entry-cache-6.0.1.tgz"
    integrity sha512-7Gps/XWymbLk2QLYK4NzpMOrYjMhdIxXuIvy2QBsLE6ljuodKvdkWs/cpyJJ3CVIVpH0Oi1Hvg1ovbMzLdFBBg==
    dependencies:
      flat-cache "^3.0.4"
  
  fill-range@^7.0.1:
    version "7.0.1"
    resolved "https://registry.npmjs.org/fill-range/-/fill-range-7.0.1.tgz"
    integrity sha512-qOo9F+dMUmC2Lcb4BbVvnKJxTPjCm+RRpe4gDuGrzkL7mEVl/djYSu2OdQ2Pa302N4oqkSg9ir6jaLWJ2USVpQ==
    dependencies:
      to-regex-range "^5.0.1"
  
  flat-cache@^3.0.4:
    version "3.0.4"
    resolved "https://registry.npmjs.org/flat-cache/-/flat-cache-3.0.4.tgz"
    integrity sha512-dm9s5Pw7Jc0GvMYbshN6zchCA9RgQlzzEZX3vylR9IqFfS8XciblUXOKfW6SiuJ0e13eDYZoZV5wdrev7P3Nwg==
    dependencies:
      flatted "^3.1.0"
      rimraf "^3.0.2"
  
  flatted@^3.1.0:
    version "3.2.4"
    resolved "https://registry.npmjs.org/flatted/-/flatted-3.2.4.tgz"
    integrity sha512-8/sOawo8tJ4QOBX8YlQBMxL8+RLZfxMQOif9o0KUKTNTjMYElWPE0r/m5VNFxTRd0NSw8qSy8dajrwX4RYI1Hw==
  
  fs-readdir-recursive@^1.1.0:
    version "1.1.0"
    resolved "https://registry.yarnpkg.com/fs-readdir-recursive/-/fs-readdir-recursive-1.1.0.tgz#e32fc030a2ccee44a6b5371308da54be0b397d27"
    integrity sha512-GNanXlVr2pf02+sPN40XN8HG+ePaNcvM0q5mZBd668Obwb0yD5GiUbZOFgwn8kGMY6I3mdyDJzieUy3PTYyTRA==
  
  fs.realpath@^1.0.0:
    version "1.0.0"
    resolved "https://registry.npmjs.org/fs.realpath/-/fs.realpath-1.0.0.tgz"
    integrity sha1-FQStJSMVjKpA20onh8sBQRmU6k8=
  
  fsevents@~2.3.2:
    version "2.3.2"
    resolved "https://registry.yarnpkg.com/fsevents/-/fsevents-2.3.2.tgz#8a526f78b8fdf4623b709e0b975c52c24c02fd1a"
    integrity sha512-xiqMQR4xAeHTuB9uWm+fFRcIOgKBMiOBP+eXiyT7jsgVCq1bkVygt00oASowB7EdtpOHaaPgKt812P9ab+DDKA==
  
  functional-red-black-tree@^1.0.1:
    version "1.0.1"
    resolved "https://registry.npmjs.org/functional-red-black-tree/-/functional-red-black-tree-1.0.1.tgz"
    integrity sha1-GwqzvVU7Kg1jmdKcDj6gslIHgyc=
  
  gensync@^1.0.0-beta.2:
    version "1.0.0-beta.2"
    resolved "https://registry.yarnpkg.com/gensync/-/gensync-1.0.0-beta.2.tgz#32a6ee76c3d7f52d46b2b1ae5d93fea8580a25e0"
    integrity sha512-3hN7NaskYvMDLQY55gnW3NQ+mesEAepTqlg+VEbj7zzqEMBVNhzcGYYeqFo/TlYz6eQiFcp1HcsCZO+nGgS8zg==
  
  get-stream@^6.0.0:
    version "6.0.1"
    resolved "https://registry.npmjs.org/get-stream/-/get-stream-6.0.1.tgz"
    integrity sha512-ts6Wi+2j3jQjqi70w5AlN8DFnkSwC+MqmxEzdEALB2qXZYV3X/b1CTfgPLGJNMeAWxdPfU8FO1ms3NUfaHCPYg==
  
  glob-parent@^5.1.2, glob-parent@~5.1.2:
    version "5.1.2"
    resolved "https://registry.npmjs.org/glob-parent/-/glob-parent-5.1.2.tgz"
    integrity sha512-AOIgSQCepiJYwP3ARnGx+5VnTu2HBYdzbGP45eLw1vr3zB3vZLeyed1sC9hnbcOc9/SrMyM5RPQrkGz4aS9Zow==
    dependencies:
      is-glob "^4.0.1"
  
  glob-parent@^6.0.1:
    version "6.0.2"
    resolved "https://registry.npmjs.org/glob-parent/-/glob-parent-6.0.2.tgz"
    integrity sha512-XxwI8EOhVQgWp6iDL+3b0r86f4d6AX6zSU55HfB4ydCEuXLXc5FcYeOu+nnGftS4TEju/11rt4KJPTMgbfmv4A==
    dependencies:
      is-glob "^4.0.3"
  
  glob@^7.0.0, glob@^7.1.3, glob@^7.1.6:
    version "7.2.0"
    resolved "https://registry.npmjs.org/glob/-/glob-7.2.0.tgz"
    integrity sha512-lmLf6gtyrPq8tTjSmrO94wBeQbFR3HbLHbuyD69wuyQkImp2hWqMGB47OX65FBkPffO641IP9jWa1z4ivqG26Q==
    dependencies:
      fs.realpath "^1.0.0"
      inflight "^1.0.4"
      inherits "2"
      minimatch "^3.0.4"
      once "^1.3.0"
      path-is-absolute "^1.0.0"
  
  globals@^11.1.0:
    version "11.12.0"
    resolved "https://registry.yarnpkg.com/globals/-/globals-11.12.0.tgz#ab8795338868a0babd8525758018c2a7eb95c42e"
    integrity sha512-WOBp/EEGUiIsJSp7wcv/y6MO+lV9UoncWqxuFfm8eBwzWNgyfBd6Gz+IeKQ9jCmyhoH99g15M3T+QaVHFjizVA==
  
  globals@^13.6.0, globals@^13.9.0:
    version "13.12.0"
    resolved "https://registry.npmjs.org/globals/-/globals-13.12.0.tgz"
    integrity sha512-uS8X6lSKN2JumVoXrbUz+uG4BYG+eiawqm3qFcT7ammfbUHeCBoJMlHcec/S3krSk73/AE/f0szYFmgAA3kYZg==
    dependencies:
      type-fest "^0.20.2"
  
  has-ansi@^2.0.0:
    version "2.0.0"
    resolved "https://registry.npmjs.org/has-ansi/-/has-ansi-2.0.0.tgz"
    integrity sha1-NPUEnOHs3ysGSa8+8k5F7TVBbZE=
    dependencies:
      ansi-regex "^2.0.0"
  
  has-flag@^3.0.0:
    version "3.0.0"
    resolved "https://registry.npmjs.org/has-flag/-/has-flag-3.0.0.tgz"
    integrity sha1-tdRU3CGZriJWmfNGfloH87lVuv0=
  
  has-flag@^4.0.0:
    version "4.0.0"
    resolved "https://registry.npmjs.org/has-flag/-/has-flag-4.0.0.tgz"
    integrity sha512-EykJT/Q1KjTWctppgIAgfSO0tKVuZUjhgMr17kqTumMl6Afv3EISleU7qZUzoXDFTAHTDC4NOoG/ZxU3EvlMPQ==
  
  human-signals@^2.1.0:
    version "2.1.0"
    resolved "https://registry.npmjs.org/human-signals/-/human-signals-2.1.0.tgz"
    integrity sha512-B4FFZ6q/T2jhhksgkbEW3HBvWIfDW85snkQgawt07S7J5QXTk6BkNV+0yAeZrM5QpMAdYlocGoljn0sJ/WQkFw==
  
  ignore@^4.0.6:
    version "4.0.6"
    resolved "https://registry.npmjs.org/ignore/-/ignore-4.0.6.tgz"
    integrity sha512-cyFDKrqc/YdcWFniJhzI42+AzS+gNwmUzOSFcRCQYwySuBBBy/KjuxWLZ/FHEH6Moq1NizMOBWyTcv8O4OZIMg==
  
  import-fresh@^3.0.0, import-fresh@^3.2.1:
    version "3.3.0"
    resolved "https://registry.npmjs.org/import-fresh/-/import-fresh-3.3.0.tgz"
    integrity sha512-veYYhQa+D1QBKznvhUHxb8faxlrwUnxseDAbAp457E0wLNio2bOSKnjYDhMj+YiAq61xrMGhQk9iXVk5FzgQMw==
    dependencies:
      parent-module "^1.0.0"
      resolve-from "^4.0.0"
  
  imurmurhash@^0.1.4:
    version "0.1.4"
    resolved "https://registry.npmjs.org/imurmurhash/-/imurmurhash-0.1.4.tgz"
    integrity sha1-khi5srkoojixPcT7a21XbyMUU+o=
  
  indent-string@^4.0.0:
    version "4.0.0"
    resolved "https://registry.npmjs.org/indent-string/-/indent-string-4.0.0.tgz"
    integrity sha512-EdDDZu4A2OyIK7Lr/2zG+w5jmbuk1DVBnEwREQvBzspBJkCEbRa8GxU1lghYcaGJCnRWibjDXlq779X1/y5xwg==
  
  inflight@^1.0.4:
    version "1.0.6"
    resolved "https://registry.npmjs.org/inflight/-/inflight-1.0.6.tgz"
    integrity sha1-Sb1jMdfQLQwJvJEKEHW6gWW1bfk=
    dependencies:
      once "^1.3.0"
      wrappy "1"
  
  inherits@2, inherits@^2.0.3, inherits@~2.0.3:
    version "2.0.4"
    resolved "https://registry.npmjs.org/inherits/-/inherits-2.0.4.tgz"
    integrity sha512-k/vGaX4/Yla3WzyMCvTQOXYeIHvqOKtnqBduzTHpzpQZzAskKMhZ2K+EnBiSM9zGSoIFeMpXKxa4dYeZIQqewQ==
  
  is-binary-path@~2.1.0:
    version "2.1.0"
    resolved "https://registry.yarnpkg.com/is-binary-path/-/is-binary-path-2.1.0.tgz#ea1f7f3b80f064236e83470f86c09c254fb45b09"
    integrity sha512-ZMERYes6pDydyuGidse7OsHxtbI7WVeUEozgR/g7rd0xUimYNlvZRE/K2MgZTjWy725IfelLeVcEM97mmtRGXw==
    dependencies:
      binary-extensions "^2.0.0"
  
  is-extglob@^2.1.1:
    version "2.1.1"
    resolved "https://registry.npmjs.org/is-extglob/-/is-extglob-2.1.1.tgz"
    integrity sha1-qIwCU1eR8C7TfHahueqXc8gz+MI=
  
  is-fullwidth-code-point@^3.0.0:
    version "3.0.0"
    resolved "https://registry.npmjs.org/is-fullwidth-code-point/-/is-fullwidth-code-point-3.0.0.tgz"
    integrity sha512-zymm5+u+sCsSWyD9qNaejV3DFvhCKclKdizYaJUuHA83RLjb7nSuGnddCHGv0hk+KY7BMAlsWeK4Ueg6EV6XQg==
  
  is-fullwidth-code-point@^4.0.0:
    version "4.0.0"
    resolved "https://registry.npmjs.org/is-fullwidth-code-point/-/is-fullwidth-code-point-4.0.0.tgz"
    integrity sha512-O4L094N2/dZ7xqVdrXhh9r1KODPJpFms8B5sGdJLPy664AgvXsreZUyCQQNItZRDlYug4xStLjNp/sz3HvBowQ==
  
  is-glob@^4.0.0, is-glob@^4.0.1, is-glob@^4.0.3, is-glob@~4.0.1:
    version "4.0.3"
    resolved "https://registry.npmjs.org/is-glob/-/is-glob-4.0.3.tgz"
    integrity sha512-xelSayHH36ZgE7ZWhli7pW34hNbNl8Ojv5KVmkJD4hBdD3th8Tfk9vYasLM+mXWOZhFkgZfxhLSnrwRr4elSSg==
    dependencies:
      is-extglob "^2.1.1"
  
  is-number@^7.0.0:
    version "7.0.0"
    resolved "https://registry.npmjs.org/is-number/-/is-number-7.0.0.tgz"
    integrity sha512-41Cifkg6e8TylSpdtTpeLVMqvSBEVzTttHvERD741+pnZ8ANv0004MRL43QKPDlK9cGvNp6NZWZUBlbGXYxxng==
  
  is-stream@^2.0.0:
    version "2.0.1"
    resolved "https://registry.npmjs.org/is-stream/-/is-stream-2.0.1.tgz"
    integrity sha512-hFoiJiTl63nn+kstHGBtewWSKnQLpyb155KHheA1l39uvtO9nWIop1p3udqPcUd/xbF1VLMO4n7OI6p7RbngDg==
  
  isarray@~1.0.0:
    version "1.0.0"
    resolved "https://registry.npmjs.org/isarray/-/isarray-1.0.0.tgz"
    integrity sha1-u5NdSFgsuhaMBoNJV6VKPgcSTxE=
  
  isexe@^2.0.0:
    version "2.0.0"
    resolved "https://registry.npmjs.org/isexe/-/isexe-2.0.0.tgz"
    integrity sha1-6PvzdNxVb/iUehDcsFctYz8s+hA=
  
  js-tokens@^4.0.0:
    version "4.0.0"
    resolved "https://registry.npmjs.org/js-tokens/-/js-tokens-4.0.0.tgz"
    integrity sha512-RdJUflcE3cUzKiMqQgsCu06FPu9UdIJO0beYbPhHN4k6apgJtifcoCtT9bcxOpYBtpD2kCM6Sbzg4CausW/PKQ==
  
  js-yaml@^3.13.1:
    version "3.14.1"
    resolved "https://registry.npmjs.org/js-yaml/-/js-yaml-3.14.1.tgz"
    integrity sha512-okMH7OXXJ7YrN9Ok3/SXrnu4iX9yOk+25nqX4imS2npuvTYDmo/QEZoqwZkYaIDk3jVvBOTOIEgEhaLOynBS9g==
    dependencies:
      argparse "^1.0.7"
      esprima "^4.0.0"
  
  js-yaml@^4.1.0:
    version "4.1.0"
    resolved "https://registry.npmjs.org/js-yaml/-/js-yaml-4.1.0.tgz"
    integrity sha512-wpxZs9NoxZaJESJGIZTyDEaYpl0FKSA+FB9aJiyemKhMwkxQg63h4T1KJgUGHpTqPDNRcmmYLugrRjJlBtWvRA==
    dependencies:
      argparse "^2.0.1"
  
  jsesc@^2.5.1:
    version "2.5.2"
    resolved "https://registry.yarnpkg.com/jsesc/-/jsesc-2.5.2.tgz#80564d2e483dacf6e8ef209650a67df3f0c283a4"
    integrity sha512-OYu7XEzjkCQ3C5Ps3QIZsQfNpqoJyZZA99wd9aWd05NCtC5pWOkShK2mkL6HXQR6/Cy2lbNdPlZBpuQHXE63gA==
  
  json-schema-traverse@^0.4.1:
    version "0.4.1"
    resolved "https://registry.npmjs.org/json-schema-traverse/-/json-schema-traverse-0.4.1.tgz"
    integrity sha512-xbbCH5dCYU5T8LcEhhuh7HJ88HXuW3qsI3Y0zOZFKfZEHcpWiHU/Jxzk629Brsab/mMiHQti9wMP+845RPe3Vg==
  
  json-schema-traverse@^1.0.0:
    version "1.0.0"
    resolved "https://registry.npmjs.org/json-schema-traverse/-/json-schema-traverse-1.0.0.tgz"
    integrity sha512-NM8/P9n3XjXhIZn1lLhkFaACTOURQXjWhV4BA/RnOv8xvgqtqpAX9IO4mRQxSx1Rlo4tqzeqb0sOlruaOy3dug==
  
  json-stable-stringify-without-jsonify@^1.0.1:
    version "1.0.1"
    resolved "https://registry.npmjs.org/json-stable-stringify-without-jsonify/-/json-stable-stringify-without-jsonify-1.0.1.tgz"
    integrity sha1-nbe1lJatPzz+8wp1FC0tkwrXJlE=
  
  json5@^2.1.2:
    version "2.2.0"
    resolved "https://registry.yarnpkg.com/json5/-/json5-2.2.0.tgz#2dfefe720c6ba525d9ebd909950f0515316c89a3"
    integrity sha512-f+8cldu7X/y7RAJurMEJmdoKXGB/X550w2Nr3tTbezL6RwEE/iMcm+tZnXeoZtKuOq6ft8+CqzEkrIgx1fPoQA==
    dependencies:
      minimist "^1.2.5"
  
  levn@^0.4.1:
    version "0.4.1"
    resolved "https://registry.npmjs.org/levn/-/levn-0.4.1.tgz"
    integrity sha512-+bT2uH4E5LGE7h/n3evcS/sQlJXCpIp6ym8OWJ5eV6+67Dsql/LaaT7qJBAt2rzfoa/5QBGBhxDix1dMt2kQKQ==
    dependencies:
      prelude-ls "^1.2.1"
      type-check "~0.4.0"
  
  lilconfig@2.0.4:
    version "2.0.4"
    resolved "https://registry.npmjs.org/lilconfig/-/lilconfig-2.0.4.tgz"
    integrity sha512-bfTIN7lEsiooCocSISTWXkiWJkRqtL9wYtYy+8EK3Y41qh3mpwPU0ycTOgjdY9ErwXCc8QyrQp82bdL0Xkm9yA==
  
  lint-staged@^12.1.3:
    version "12.1.3"
    resolved "https://registry.npmjs.org/lint-staged/-/lint-staged-12.1.3.tgz"
    integrity sha512-ajapdkaFxx+MVhvq6xQRg9zCnCLz49iQLJZP7+w8XaA3U4B35Z9xJJGq9vxmWo73QTvJLG+N2NxhjWiSexbAWQ==
    dependencies:
      cli-truncate "^3.1.0"
      colorette "^2.0.16"
      commander "^8.3.0"
      debug "^4.3.3"
      execa "^5.1.1"
      lilconfig "2.0.4"
      listr2 "^3.13.5"
      micromatch "^4.0.4"
      normalize-path "^3.0.0"
      object-inspect "^1.11.1"
      string-argv "^0.3.1"
      supports-color "^9.2.1"
      yaml "^1.10.2"
  
  listr2@^3.13.5:
    version "3.13.5"
    resolved "https://registry.npmjs.org/listr2/-/listr2-3.13.5.tgz"
    integrity sha512-3n8heFQDSk+NcwBn3CgxEibZGaRzx+pC64n3YjpMD1qguV4nWus3Al+Oo3KooqFKTQEJ1v7MmnbnyyNspgx3NA==
    dependencies:
      cli-truncate "^2.1.0"
      colorette "^2.0.16"
      log-update "^4.0.0"
      p-map "^4.0.0"
      rfdc "^1.3.0"
      rxjs "^7.4.0"
      through "^2.3.8"
      wrap-ansi "^7.0.0"
  
  lodash.merge@^4.6.0, lodash.merge@^4.6.2:
    version "4.6.2"
    resolved "https://registry.npmjs.org/lodash.merge/-/lodash.merge-4.6.2.tgz"
    integrity sha512-0KpjqXRVvrYyCsX1swR/XTK0va6VQkQM6MNo7PqW77ByjAhoARA8EfrP1N4+KlKj8YS0ZUCtRT/YUuhyYDujIQ==
  
  lodash.truncate@^4.4.2:
    version "4.4.2"
    resolved "https://registry.npmjs.org/lodash.truncate/-/lodash.truncate-4.4.2.tgz"
    integrity sha1-WjUNoLERO4N+z//VgSy+WNbq4ZM=
  
  lodash@^4.17.15:
    version "4.17.21"
    resolved "https://registry.npmjs.org/lodash/-/lodash-4.17.21.tgz"
    integrity sha512-v2kDEe57lecTulaDIuNTPy3Ry4gLGJ6Z1O3vE1krgXZNrsQ+LFTGHVxVjcXPs17LhbZVGedAJv8XZ1tvj5FvSg==
  
  log-update@^4.0.0:
    version "4.0.0"
    resolved "https://registry.npmjs.org/log-update/-/log-update-4.0.0.tgz"
    integrity sha512-9fkkDevMefjg0mmzWFBW8YkFP91OrizzkW3diF7CpG+S2EYdy4+TVfGwz1zeF8x7hCx1ovSPTOE9Ngib74qqUg==
    dependencies:
      ansi-escapes "^4.3.0"
      cli-cursor "^3.1.0"
      slice-ansi "^4.0.0"
      wrap-ansi "^6.2.0"
  
  loglevel-colored-level-prefix@^1.0.0:
    version "1.0.0"
    resolved "https://registry.npmjs.org/loglevel-colored-level-prefix/-/loglevel-colored-level-prefix-1.0.0.tgz"
    integrity sha1-akAhj9x64V/HbD0PPmdsRlOIYD4=
    dependencies:
      chalk "^1.1.3"
      loglevel "^1.4.1"
  
  loglevel@^1.4.1:
    version "1.8.0"
    resolved "https://registry.npmjs.org/loglevel/-/loglevel-1.8.0.tgz"
    integrity sha512-G6A/nJLRgWOuuwdNuA6koovfEV1YpqqAG4pRUlFaz3jj2QNZ8M4vBqnVA+HBTmU/AMNUtlOsMmSpF6NyOjztbA==
  
  lru-cache@^4.0.1:
    version "4.1.5"
    resolved "https://registry.npmjs.org/lru-cache/-/lru-cache-4.1.5.tgz"
    integrity sha512-sWZlbEP2OsHNkXrMl5GYk/jKk70MBng6UU4YI/qGDYbgf6YbP4EvmqISbXCoJiRKs+1bSpFHVgQxvJ17F2li5g==
    dependencies:
      pseudomap "^1.0.2"
      yallist "^2.1.2"
  
  lru-cache@^6.0.0:
    version "6.0.0"
    resolved "https://registry.npmjs.org/lru-cache/-/lru-cache-6.0.0.tgz"
    integrity sha512-Jo6dJ04CmSjuznwJSS3pUeWmd/H0ffTlkXXgwZi+eq1UCmqQwCh+eLsYOYCwY991i2Fah4h1BEMCx4qThGbsiA==
    dependencies:
      yallist "^4.0.0"
  
  make-dir@^2.1.0:
    version "2.1.0"
    resolved "https://registry.yarnpkg.com/make-dir/-/make-dir-2.1.0.tgz#5f0310e18b8be898cc07009295a30ae41e91e6f5"
    integrity sha512-LS9X+dc8KLxXCb8dni79fLIIUA5VyZoyjSMCwTluaXA0o27cCK0bhXkpgw+sTXVpPy/lSO57ilRixqk0vDmtRA==
    dependencies:
      pify "^4.0.1"
      semver "^5.6.0"
  
  merge-stream@^2.0.0:
    version "2.0.0"
    resolved "https://registry.npmjs.org/merge-stream/-/merge-stream-2.0.0.tgz"
    integrity sha512-abv/qOcuPfk3URPfDzmZU1LKmuw8kT+0nIHvKrKgFrwifol/doWcdA4ZqsWQ8ENrFKkd67Mfpo/LovbIUsbt3w==
  
  micromatch@^4.0.4:
    version "4.0.4"
    resolved "https://registry.npmjs.org/micromatch/-/micromatch-4.0.4.tgz"
    integrity sha512-pRmzw/XUcwXGpD9aI9q/0XOwLNygjETJ8y0ao0wdqprrzDa4YnxLcz7fQRZr8voh8V10kGhABbNcHVk5wHgWwg==
    dependencies:
      braces "^3.0.1"
      picomatch "^2.2.3"
  
  mimic-fn@^2.1.0:
    version "2.1.0"
    resolved "https://registry.npmjs.org/mimic-fn/-/mimic-fn-2.1.0.tgz"
    integrity sha512-OqbOk5oEQeAZ8WXWydlu9HJjz9WVdEIvamMCcXmuqUYjTknH/sqsWvhQ3vgwKFRR1HpjvNBKQ37nbJgYzGqGcg==
  
  minimatch@^3.0.4:
    version "3.0.4"
    resolved "https://registry.npmjs.org/minimatch/-/minimatch-3.0.4.tgz"
    integrity sha512-yJHVQEhyqPLUTgt9B83PXu6W3rx4MvvHvSUvToogpwoGDOUQ+yDrR0HRot+yOCdCO7u4hX3pWft6kWBBcqh0UA==
    dependencies:
      brace-expansion "^1.1.7"
  
  minimist@^1.2.5:
    version "1.2.5"
    resolved "https://registry.yarnpkg.com/minimist/-/minimist-1.2.5.tgz#67d66014b66a6a8aaa0c083c5fd58df4e4e97602"
    integrity sha512-FM9nNUYrRBAELZQT3xeZQ7fmMOBg6nWNmJKTcgsJeaLstP/UODVpGsr5OhXhhXg6f+qtJ8uiZ+PUxkDWcgIXLw==
  
  ms@2.1.2:
    version "2.1.2"
    resolved "https://registry.npmjs.org/ms/-/ms-2.1.2.tgz"
    integrity sha512-sGkPx+VjMtmA6MX27oA4FBFELFCZZ4S4XqeGOXCv68tT+jb3vk/RyaKWP0PTKyWtmLSM0b+adUTEvbs1PEaH2w==
  
  natural-compare@^1.4.0:
    version "1.4.0"
    resolved "https://registry.npmjs.org/natural-compare/-/natural-compare-1.4.0.tgz"
    integrity sha1-Sr6/7tdUHywnrPspvbvRXI1bpPc=
  
  node-releases@^2.0.1:
    version "2.0.1"
    resolved "https://registry.yarnpkg.com/node-releases/-/node-releases-2.0.1.tgz#3d1d395f204f1f2f29a54358b9fb678765ad2fc5"
    integrity sha512-CqyzN6z7Q6aMeF/ktcMVTzhAHCEpf8SOarwpzpf8pNBY2k5/oM34UHldUwp8VKI7uxct2HxSRdJjBaZeESzcxA==
  
  normalize-path@^3.0.0, normalize-path@~3.0.0:
    version "3.0.0"
    resolved "https://registry.npmjs.org/normalize-path/-/normalize-path-3.0.0.tgz"
    integrity sha512-6eZs5Ls3WtCisHWp9S2GUy8dqkpGi4BVSz3GaqiE6ezub0512ESztXUwUB6C6IKbQkY2Pnb/mD4WYojCRwcwLA==
  
  npm-run-path@^4.0.1:
    version "4.0.1"
    resolved "https://registry.npmjs.org/npm-run-path/-/npm-run-path-4.0.1.tgz"
    integrity sha512-S48WzZW777zhNIrn7gxOlISNAqi9ZC/uQFnRdbeIHhZhCA6UqpkOT8T1G7BvfdgP4Er8gF4sUbaS0i7QvIfCWw==
    dependencies:
      path-key "^3.0.0"
  
  object-inspect@^1.11.1:
    version "1.12.0"
    resolved "https://registry.npmjs.org/object-inspect/-/object-inspect-1.12.0.tgz"
    integrity sha512-Ho2z80bVIvJloH+YzRmpZVQe87+qASmBUKZDWgx9cu+KDrX2ZDH/3tMy+gXbZETVGs2M8YdxObOh7XAtim9Y0g==
  
  once@^1.3.0:
    version "1.4.0"
    resolved "https://registry.npmjs.org/once/-/once-1.4.0.tgz"
    integrity sha1-WDsap3WWHUsROsF9nFC6753Xa9E=
    dependencies:
      wrappy "1"
  
  onetime@^5.1.0, onetime@^5.1.2:
    version "5.1.2"
    resolved "https://registry.npmjs.org/onetime/-/onetime-5.1.2.tgz"
    integrity sha512-kbpaSSGJTWdAY5KPVeMOKXSrPtr8C8C7wodJbcsd51jRnmD+GZu8Y0VoU6Dm5Z4vWr0Ig/1NKuWRKf7j5aaYSg==
    dependencies:
      mimic-fn "^2.1.0"
  
  optionator@^0.9.1:
    version "0.9.1"
    resolved "https://registry.npmjs.org/optionator/-/optionator-0.9.1.tgz"
    integrity sha512-74RlY5FCnhq4jRxVUPKDaRwrVNXMqsGsiW6AJw4XK8hmtm10wC0ypZBLw5IIp85NZMr91+qd1RvvENwg7jjRFw==
    dependencies:
      deep-is "^0.1.3"
      fast-levenshtein "^2.0.6"
      levn "^0.4.1"
      prelude-ls "^1.2.1"
      type-check "^0.4.0"
      word-wrap "^1.2.3"
  
  os-shim@^0.1.2:
    version "0.1.3"
    resolved "https://registry.npmjs.org/os-shim/-/os-shim-0.1.3.tgz"
    integrity sha1-a2LDeRz3kJ6jXtRuF2WLtBfLORc=
  
  p-map@^4.0.0:
    version "4.0.0"
    resolved "https://registry.npmjs.org/p-map/-/p-map-4.0.0.tgz"
    integrity sha512-/bjOqmgETBYB5BoEeGVea8dmvHb2m9GLy1E9W43yeyfP6QQCZGFNa+XRceJEuDB6zqr+gKpIAmlLebMpykw/MQ==
    dependencies:
      aggregate-error "^3.0.0"
  
  parent-module@^1.0.0:
    version "1.0.1"
    resolved "https://registry.npmjs.org/parent-module/-/parent-module-1.0.1.tgz"
    integrity sha512-GQ2EWRpQV8/o+Aw8YqtfZZPfNRWZYkbidE9k5rpl/hC3vtHHBfGm2Ifi6qWV+coDGkrUKZAxE3Lot5kcsRlh+g==
    dependencies:
      callsites "^3.0.0"
  
  path-is-absolute@^1.0.0:
    version "1.0.1"
    resolved "https://registry.npmjs.org/path-is-absolute/-/path-is-absolute-1.0.1.tgz"
    integrity sha1-F0uSaHNVNP+8es5r9TpanhtcX18=
  
  path-key@^3.0.0, path-key@^3.1.0:
    version "3.1.1"
    resolved "https://registry.npmjs.org/path-key/-/path-key-3.1.1.tgz"
    integrity sha512-ojmeN0qd+y0jszEtoY48r0Peq5dwMEkIlCOu6Q5f41lfkswXuKtYrhgoTpLnyIcHm24Uhqx+5Tqm2InSwLhE6Q==
  
  picocolors@^1.0.0:
    version "1.0.0"
    resolved "https://registry.yarnpkg.com/picocolors/-/picocolors-1.0.0.tgz#cb5bdc74ff3f51892236eaf79d68bc44564ab81c"
    integrity sha512-1fygroTLlHu66zi26VoTDv8yRgm0Fccecssto+MhsZ0D/DGW2sm8E8AjW7NU5VVTRt5GxbeZ5qBuJr+HyLYkjQ==
  
  picomatch@^2.0.4, picomatch@^2.2.1, picomatch@^2.2.3:
    version "2.3.0"
    resolved "https://registry.npmjs.org/picomatch/-/picomatch-2.3.0.tgz"
    integrity sha512-lY1Q/PiJGC2zOv/z391WOTD+Z02bCgsFfvxoXXf6h7kv9o+WmsmzYqrAwY63sNgOxE4xEdq0WyUnXfKeBrSvYw==
  
  pify@^4.0.1:
    version "4.0.1"
    resolved "https://registry.yarnpkg.com/pify/-/pify-4.0.1.tgz#4b2cd25c50d598735c50292224fd8c6df41e3231"
    integrity sha512-uB80kBFb/tfd68bVleG9T5GGsGPjJrLAUpR5PZIrhBnIaRTQRjqdJSsIKkOP6OAIFbj7GOrcudc5pNjZ+geV2g==
  
  pre-commit@^1.2.2:
    version "1.2.2"
    resolved "https://registry.npmjs.org/pre-commit/-/pre-commit-1.2.2.tgz"
    integrity sha1-287g7p3nI15X95xW186UZBpp7sY=
    dependencies:
      cross-spawn "^5.0.1"
      spawn-sync "^1.0.15"
      which "1.2.x"
  
  prelude-ls@^1.2.1:
    version "1.2.1"
    resolved "https://registry.npmjs.org/prelude-ls/-/prelude-ls-1.2.1.tgz"
    integrity sha512-vkcDPrRZo1QZLbn5RLGPpg/WmIQ65qoWWhcGKf/b5eplkkarX0m9z8ppCat4mlOqUsWpyNuYgO3VRyrYHSzX5g==
  
  prettier-eslint@^13.0.0:
    version "13.0.0"
    resolved "https://registry.npmjs.org/prettier-eslint/-/prettier-eslint-13.0.0.tgz"
    integrity sha512-P5K31qWgUOQCtJL/3tpvEe28KfP49qbr6MTVEXC7I2k7ci55bP3YDr+glhyCdhIzxGCVp2f8eobfQ5so52RIIA==
    dependencies:
      "@typescript-eslint/parser" "^3.0.0"
      common-tags "^1.4.0"
      dlv "^1.1.0"
      eslint "^7.9.0"
      indent-string "^4.0.0"
      lodash.merge "^4.6.0"
      loglevel-colored-level-prefix "^1.0.0"
      prettier "^2.0.0"
      pretty-format "^23.0.1"
      require-relative "^0.8.7"
      typescript "^3.9.3"
      vue-eslint-parser "~7.1.0"
  
  prettier@^2.0.0, prettier@^2.5.1:
    version "2.5.1"
    resolved "https://registry.npmjs.org/prettier/-/prettier-2.5.1.tgz"
    integrity sha512-vBZcPRUR5MZJwoyi3ZoyQlc1rXeEck8KgeC9AwwOn+exuxLxq5toTRDTSaVrXHxelDMHy9zlicw8u66yxoSUFg==
  
  pretty-format@^23.0.1:
    version "23.6.0"
    resolved "https://registry.npmjs.org/pretty-format/-/pretty-format-23.6.0.tgz"
    integrity sha512-zf9NV1NSlDLDjycnwm6hpFATCGl/K1lt0R/GdkAK2O5LN/rwJoB+Mh93gGJjut4YbmecbfgLWVGSTCr0Ewvvbw==
    dependencies:
      ansi-regex "^3.0.0"
      ansi-styles "^3.2.0"
  
  process-nextick-args@~2.0.0:
    version "2.0.1"
    resolved "https://registry.npmjs.org/process-nextick-args/-/process-nextick-args-2.0.1.tgz"
    integrity sha512-3ouUOpQhtgrbOa17J7+uxOTpITYWaGP7/AhoR3+A+/1e9skrzelGi/dXzEYyvbxubEF6Wn2ypscTKiKJFFn1ag==
  
  progress@^2.0.0:
    version "2.0.3"
    resolved "https://registry.npmjs.org/progress/-/progress-2.0.3.tgz"
    integrity sha512-7PiHtLll5LdnKIMw100I+8xJXR5gW2QwWYkT6iJva0bXitZKa/XMrSbdmg3r2Xnaidz9Qumd0VPaMrZlF9V9sA==
  
  pseudomap@^1.0.2:
    version "1.0.2"
    resolved "https://registry.npmjs.org/pseudomap/-/pseudomap-1.0.2.tgz"
    integrity sha1-8FKijacOYYkX7wqKw0wa5aaChrM=
  
  punycode@^2.1.0:
    version "2.1.1"
    resolved "https://registry.npmjs.org/punycode/-/punycode-2.1.1.tgz"
    integrity sha512-XRsRjdf+j5ml+y/6GKHPZbrF/8p2Yga0JPtdqTIY2Xe5ohJPD9saDJJLPvp9+NSBprVvevdXZybnj2cv8OEd0A==
  
  readable-stream@^2.2.2:
    version "2.3.7"
    resolved "https://registry.npmjs.org/readable-stream/-/readable-stream-2.3.7.tgz"
    integrity sha512-Ebho8K4jIbHAxnuxi7o42OrZgF/ZTNcsZj6nRKyUmkhLFq8CHItp/fy6hQZuZmP/n3yZ9VBUbp4zz/mX8hmYPw==
    dependencies:
      core-util-is "~1.0.0"
      inherits "~2.0.3"
      isarray "~1.0.0"
      process-nextick-args "~2.0.0"
      safe-buffer "~5.1.1"
      string_decoder "~1.1.1"
      util-deprecate "~1.0.1"
  
  readdirp@~3.6.0:
    version "3.6.0"
    resolved "https://registry.yarnpkg.com/readdirp/-/readdirp-3.6.0.tgz#74a370bd857116e245b29cc97340cd431a02a6c7"
    integrity sha512-hOS089on8RduqdbhvQ5Z37A0ESjsqz6qnRcffsMU3495FuTdqSm+7bhJ29JvIOsBDEEnan5DPu9t3To9VRlMzA==
    dependencies:
      picomatch "^2.2.1"
  
  regexpp@^3.1.0, regexpp@^3.2.0:
    version "3.2.0"
    resolved "https://registry.npmjs.org/regexpp/-/regexpp-3.2.0.tgz"
    integrity sha512-pq2bWo9mVD43nbts2wGv17XLiNLya+GklZ8kaDLV2Z08gDCsGpnKn9BFMepvWuHCbyVvY7J5o5+BVvoQbmlJLg==
  
  require-from-string@^2.0.2:
    version "2.0.2"
    resolved "https://registry.npmjs.org/require-from-string/-/require-from-string-2.0.2.tgz"
    integrity sha512-Xf0nWe6RseziFMu+Ap9biiUbmplq6S9/p+7w7YXP/JBHhrUDDUhwa+vANyubuqfZWTveU//DYVGsDG7RKL/vEw==
  
  require-relative@^0.8.7:
    version "0.8.7"
    resolved "https://registry.npmjs.org/require-relative/-/require-relative-0.8.7.tgz"
    integrity sha1-eZlTn8ngR6N5KPoZb44VY9q9Nt4=
  
  resolve-from@^4.0.0:
    version "4.0.0"
    resolved "https://registry.npmjs.org/resolve-from/-/resolve-from-4.0.0.tgz"
    integrity sha512-pb/MYmXstAkysRFx8piNI1tGFNQIFA3vkE3Gq4EuA1dF6gHp/+vgZqsCGJapvy8N3Q+4o7FwvquPJcnZ7RYy4g==
  
  restore-cursor@^3.1.0:
    version "3.1.0"
    resolved "https://registry.npmjs.org/restore-cursor/-/restore-cursor-3.1.0.tgz"
    integrity sha512-l+sSefzHpj5qimhFSE5a8nufZYAM3sBSVMAPtYkmC+4EH2anSGaEMXSD0izRQbu9nfyQ9y5JrVmp7E8oZrUjvA==
    dependencies:
      onetime "^5.1.0"
      signal-exit "^3.0.2"
  
  rfdc@^1.3.0:
    version "1.3.0"
    resolved "https://registry.npmjs.org/rfdc/-/rfdc-1.3.0.tgz"
    integrity sha512-V2hovdzFbOi77/WajaSMXk2OLm+xNIeQdMMuB7icj7bk6zi2F8GGAxigcnDFpJHbNyNcgyJDiP+8nOrY5cZGrA==
  
  rimraf@^3.0.2:
    version "3.0.2"
    resolved "https://registry.npmjs.org/rimraf/-/rimraf-3.0.2.tgz"
    integrity sha512-JZkJMZkAGFFPP2YqXZXPbMlMBgsxzE8ILs4lMIX/2o0L9UBw9O/Y3o6wFw/i9YLapcUJWwqbi3kdxIPdC62TIA==
    dependencies:
      glob "^7.1.3"
  
  rxjs@^7.4.0:
    version "7.4.0"
    resolved "https://registry.npmjs.org/rxjs/-/rxjs-7.4.0.tgz"
    integrity sha512-7SQDi7xeTMCJpqViXh8gL/lebcwlp3d831F05+9B44A4B0WfsEwUQHR64gsH1kvJ+Ep/J9K2+n1hVl1CsGN23w==
    dependencies:
      tslib "~2.1.0"
  
  safe-buffer@~5.1.0, safe-buffer@~5.1.1:
    version "5.1.2"
    resolved "https://registry.npmjs.org/safe-buffer/-/safe-buffer-5.1.2.tgz"
    integrity sha512-Gd2UZBJDkXlY7GbJxfsE8/nvKkUEU1G38c1siN6QP6a9PT9MmHB8GnpscSmMJSoF8LOIrt8ud/wPtojys4G6+g==
  
  semver@^5.6.0:
    version "5.7.1"
    resolved "https://registry.yarnpkg.com/semver/-/semver-5.7.1.tgz#a954f931aeba508d307bbf069eff0c01c96116f7"
    integrity sha512-sauaDf/PZdVgrLTNYHRtpXa1iRiKcaebiKQ1BJdpQlWH2lCvexQdX55snPFyK7QzpudqbCI0qXFfOasHdyNDGQ==
  
  semver@^6.3.0:
    version "6.3.0"
    resolved "https://registry.yarnpkg.com/semver/-/semver-6.3.0.tgz#ee0a64c8af5e8ceea67687b133761e1becbd1d3d"
    integrity sha512-b39TBaTSfV6yBrapU89p5fKekE2m/NwnDocOVruQFS1/veMgdzuPcnOM34M6CwxW8jH/lxEa5rBoDeUwu5HHTw==
  
  semver@^7.2.1, semver@^7.3.2:
    version "7.3.5"
    resolved "https://registry.npmjs.org/semver/-/semver-7.3.5.tgz"
    integrity sha512-PoeGJYh8HK4BTO/a9Tf6ZG3veo/A7ZVsYrSA6J8ny9nb3B1VrpkuN+z9OE5wfE5p6H4LchYZsegiQgbJD94ZFQ==
    dependencies:
      lru-cache "^6.0.0"
  
  shebang-command@^1.2.0:
    version "1.2.0"
    resolved "https://registry.npmjs.org/shebang-command/-/shebang-command-1.2.0.tgz"
    integrity sha1-RKrGW2lbAzmJaMOfNj/uXer98eo=
    dependencies:
      shebang-regex "^1.0.0"
  
  shebang-command@^2.0.0:
    version "2.0.0"
    resolved "https://registry.npmjs.org/shebang-command/-/shebang-command-2.0.0.tgz"
    integrity sha512-kHxr2zZpYtdmrN1qDjrrX/Z1rR1kG8Dx+gkpK1G4eXmvXswmcE1hTWBWYUzlraYw1/yZp6YuDY77YtvbN0dmDA==
    dependencies:
      shebang-regex "^3.0.0"
  
  shebang-regex@^1.0.0:
    version "1.0.0"
    resolved "https://registry.npmjs.org/shebang-regex/-/shebang-regex-1.0.0.tgz"
    integrity sha1-2kL0l0DAtC2yypcoVxyxkMmO/qM=
  
  shebang-regex@^3.0.0:
    version "3.0.0"
    resolved "https://registry.npmjs.org/shebang-regex/-/shebang-regex-3.0.0.tgz"
    integrity sha512-7++dFhtcx3353uBaq8DDR4NuxBetBzC7ZQOhmTQInHEd6bSrXdiEyzCvG07Z44UYdLShWUyXt5M/yhz8ekcb1A==
  
  signal-exit@^3.0.2, signal-exit@^3.0.3:
    version "3.0.6"
    resolved "https://registry.npmjs.org/signal-exit/-/signal-exit-3.0.6.tgz"
    integrity sha512-sDl4qMFpijcGw22U5w63KmD3cZJfBuFlVNbVMKje2keoKML7X2UzWbc4XrmEbDwg0NXJc3yv4/ox7b+JWb57kQ==
  
  slash@^2.0.0:
    version "2.0.0"
    resolved "https://registry.yarnpkg.com/slash/-/slash-2.0.0.tgz#de552851a1759df3a8f206535442f5ec4ddeab44"
    integrity sha512-ZYKh3Wh2z1PpEXWr0MpSBZ0V6mZHAQfYevttO11c51CaWjGTaadiKZ+wVt1PbMlDV5qhMFslpZCemhwOK7C89A==
  
  slice-ansi@^3.0.0:
    version "3.0.0"
    resolved "https://registry.npmjs.org/slice-ansi/-/slice-ansi-3.0.0.tgz"
    integrity sha512-pSyv7bSTC7ig9Dcgbw9AuRNUb5k5V6oDudjZoMBSr13qpLBG7tB+zgCkARjq7xIUgdz5P1Qe8u+rSGdouOOIyQ==
    dependencies:
      ansi-styles "^4.0.0"
      astral-regex "^2.0.0"
      is-fullwidth-code-point "^3.0.0"
  
  slice-ansi@^4.0.0:
    version "4.0.0"
    resolved "https://registry.npmjs.org/slice-ansi/-/slice-ansi-4.0.0.tgz"
    integrity sha512-qMCMfhY040cVHT43K9BFygqYbUPFZKHOg7K73mtTWJRb8pyP3fzf4Ixd5SzdEJQ6MRUg/WBnOLxghZtKKurENQ==
    dependencies:
      ansi-styles "^4.0.0"
      astral-regex "^2.0.0"
      is-fullwidth-code-point "^3.0.0"
  
  slice-ansi@^5.0.0:
    version "5.0.0"
    resolved "https://registry.npmjs.org/slice-ansi/-/slice-ansi-5.0.0.tgz"
    integrity sha512-FC+lgizVPfie0kkhqUScwRu1O/lF6NOgJmlCgK+/LYxDCTk8sGelYaHDhFcDN+Sn3Cv+3VSa4Byeo+IMCzpMgQ==
    dependencies:
      ansi-styles "^6.0.0"
      is-fullwidth-code-point "^4.0.0"
  
  source-map@^0.5.0:
    version "0.5.7"
    resolved "https://registry.yarnpkg.com/source-map/-/source-map-0.5.7.tgz#8a039d2d1021d22d1ea14c80d8ea468ba2ef3fcc"
    integrity sha1-igOdLRAh0i0eoUyA2OpGi6LvP8w=
  
  spawn-sync@^1.0.15:
    version "1.0.15"
    resolved "https://registry.npmjs.org/spawn-sync/-/spawn-sync-1.0.15.tgz"
    integrity sha1-sAeZVX63+wyDdsKdROih6mfldHY=
    dependencies:
      concat-stream "^1.4.7"
      os-shim "^0.1.2"
  
  sprintf-js@~1.0.2:
    version "1.0.3"
    resolved "https://registry.npmjs.org/sprintf-js/-/sprintf-js-1.0.3.tgz"
    integrity sha1-BOaSb2YolTVPPdAVIDYzuFcpfiw=
  
  string-argv@^0.3.1:
    version "0.3.1"
    resolved "https://registry.npmjs.org/string-argv/-/string-argv-0.3.1.tgz"
    integrity sha512-a1uQGz7IyVy9YwhqjZIZu1c8JO8dNIe20xBmSS6qu9kv++k3JGzCVmprbNN5Kn+BgzD5E7YYwg1CcjuJMRNsvg==
  
  string-width@^4.1.0, string-width@^4.2.0, string-width@^4.2.3:
    version "4.2.3"
    resolved "https://registry.npmjs.org/string-width/-/string-width-4.2.3.tgz"
    integrity sha512-wKyQRQpjJ0sIp62ErSZdGsjMJWsap5oRNihHhu6G7JVO/9jIB6UyevL+tXuOqrng8j/cxKTWyWUwvSTriiZz/g==
    dependencies:
      emoji-regex "^8.0.0"
      is-fullwidth-code-point "^3.0.0"
      strip-ansi "^6.0.1"
  
  string-width@^5.0.0:
    version "5.0.1"
    resolved "https://registry.npmjs.org/string-width/-/string-width-5.0.1.tgz"
    integrity sha512-5ohWO/M4//8lErlUUtrFy3b11GtNOuMOU0ysKCDXFcfXuuvUXu95akgj/i8ofmaGdN0hCqyl6uu9i8dS/mQp5g==
    dependencies:
      emoji-regex "^9.2.2"
      is-fullwidth-code-point "^4.0.0"
      strip-ansi "^7.0.1"
  
  string_decoder@~1.1.1:
    version "1.1.1"
    resolved "https://registry.npmjs.org/string_decoder/-/string_decoder-1.1.1.tgz"
    integrity sha512-n/ShnvDi6FHbbVfviro+WojiFzv+s8MPMHBczVePfUpDJLwoLT0ht1l4YwBCbi8pJAveEEdnkHyPyTP/mzRfwg==
    dependencies:
      safe-buffer "~5.1.0"
  
  strip-ansi@^3.0.0:
    version "3.0.1"
    resolved "https://registry.npmjs.org/strip-ansi/-/strip-ansi-3.0.1.tgz"
    integrity sha1-ajhfuIU9lS1f8F0Oiq+UJ43GPc8=
    dependencies:
      ansi-regex "^2.0.0"
  
  strip-ansi@^6.0.0, strip-ansi@^6.0.1:
    version "6.0.1"
    resolved "https://registry.npmjs.org/strip-ansi/-/strip-ansi-6.0.1.tgz"
    integrity sha512-Y38VPSHcqkFrCpFnQ9vuSXmquuv5oXOKpGeT6aGrr3o3Gc9AlVa6JBfUSOCnbxGGZF+/0ooI7KrPuUSztUdU5A==
    dependencies:
      ansi-regex "^5.0.1"
  
  strip-ansi@^7.0.1:
    version "7.0.1"
    resolved "https://registry.npmjs.org/strip-ansi/-/strip-ansi-7.0.1.tgz"
    integrity sha512-cXNxvT8dFNRVfhVME3JAe98mkXDYN2O1l7jmcwMnOslDeESg1rF/OZMtK0nRAhiari1unG5cD4jG3rapUAkLbw==
    dependencies:
      ansi-regex "^6.0.1"
  
  strip-final-newline@^2.0.0:
    version "2.0.0"
    resolved "https://registry.npmjs.org/strip-final-newline/-/strip-final-newline-2.0.0.tgz"
    integrity sha512-BrpvfNAE3dcvq7ll3xVumzjKjZQ5tI1sEUIKr3Uoks0XUl45St3FlatVqef9prk4jRDzhW6WZg+3bk93y6pLjA==
  
  strip-json-comments@^3.1.0, strip-json-comments@^3.1.1:
    version "3.1.1"
    resolved "https://registry.npmjs.org/strip-json-comments/-/strip-json-comments-3.1.1.tgz"
    integrity sha512-6fPc+R4ihwqP6N/aIv2f1gMH8lOVtWQHoqC4yK6oSDVVocumAsfCqjkXnqiYMhmMwS/mEHLp7Vehlt3ql6lEig==
  
  supports-color@^2.0.0:
    version "2.0.0"
    resolved "https://registry.npmjs.org/supports-color/-/supports-color-2.0.0.tgz"
    integrity sha1-U10EXOa2Nj+kARcIRimZXp3zJMc=
  
  supports-color@^5.3.0:
    version "5.5.0"
    resolved "https://registry.npmjs.org/supports-color/-/supports-color-5.5.0.tgz"
    integrity sha512-QjVjwdXIt408MIiAqCX4oUKsgU2EqAGzs2Ppkm4aQYbjm+ZEWEcW4SfFNTr4uMNZma0ey4f5lgLrkB0aX0QMow==
    dependencies:
      has-flag "^3.0.0"
  
  supports-color@^7.1.0:
    version "7.2.0"
    resolved "https://registry.npmjs.org/supports-color/-/supports-color-7.2.0.tgz"
    integrity sha512-qpCAvRl9stuOHveKsn7HncJRvv501qIacKzQlO/+Lwxc9+0q2wLyv4Dfvt80/DPn2pqOBsJdDiogXGR9+OvwRw==
    dependencies:
      has-flag "^4.0.0"
  
  supports-color@^9.2.1:
    version "9.2.1"
    resolved "https://registry.npmjs.org/supports-color/-/supports-color-9.2.1.tgz"
    integrity sha512-Obv7ycoCTG51N7y175StI9BlAXrmgZrFhZOb0/PyjHBher/NmsdBgbbQ1Inhq+gIhz6+7Gb+jWF2Vqi7Mf1xnQ==
  
  table@^6.0.9:
    version "6.7.5"
    resolved "https://registry.npmjs.org/table/-/table-6.7.5.tgz"
    integrity sha512-LFNeryOqiQHqCVKzhkymKwt6ozeRhlm8IL1mE8rNUurkir4heF6PzMyRgaTa4tlyPTGGgXuvVOF/OLWiH09Lqw==
    dependencies:
      ajv "^8.0.1"
      lodash.truncate "^4.4.2"
      slice-ansi "^4.0.0"
      string-width "^4.2.3"
      strip-ansi "^6.0.1"
  
  text-table@^0.2.0:
    version "0.2.0"
    resolved "https://registry.npmjs.org/text-table/-/text-table-0.2.0.tgz"
    integrity sha1-f17oI66AUgfACvLfSoTsP8+lcLQ=
  
  through@^2.3.8:
    version "2.3.8"
    resolved "https://registry.npmjs.org/through/-/through-2.3.8.tgz"
    integrity sha1-DdTJ/6q8NXlgsbckEV1+Doai4fU=
  
  to-fast-properties@^2.0.0:
    version "2.0.0"
    resolved "https://registry.yarnpkg.com/to-fast-properties/-/to-fast-properties-2.0.0.tgz#dc5e698cbd079265bc73e0377681a4e4e83f616e"
    integrity sha1-3F5pjL0HkmW8c+A3doGk5Og/YW4=
  
  to-regex-range@^5.0.1:
    version "5.0.1"
    resolved "https://registry.npmjs.org/to-regex-range/-/to-regex-range-5.0.1.tgz"
    integrity sha512-65P7iz6X5yEr1cwcgvQxbbIw7Uk3gOy5dIdtZ4rDveLqhrdJP+Li/Hx6tyK0NEb+2GCyneCMJiGqrADCSNk8sQ==
    dependencies:
      is-number "^7.0.0"
  
  tslib@^1.8.1:
    version "1.14.1"
    resolved "https://registry.npmjs.org/tslib/-/tslib-1.14.1.tgz"
    integrity sha512-Xni35NKzjgMrwevysHTCArtLDpPvye8zV/0E4EyYn43P7/7qvQwPh9BGkHewbMulVntbigmcT7rdX3BNo9wRJg==
  
  tslib@~2.1.0:
    version "2.1.0"
    resolved "https://registry.npmjs.org/tslib/-/tslib-2.1.0.tgz"
    integrity sha512-hcVC3wYEziELGGmEEXue7D75zbwIIVUMWAVbHItGPx0ziyXxrOMQx4rQEVEV45Ut/1IotuEvwqPopzIOkDMf0A==
  
  tsutils@^3.17.1:
    version "3.21.0"
    resolved "https://registry.npmjs.org/tsutils/-/tsutils-3.21.0.tgz"
    integrity sha512-mHKK3iUXL+3UF6xL5k0PEhKRUBKPBCv/+RkEOpjRWxxx27KKRBmmA60A9pgOUvMi8GKhRMPEmjBRPzs2W7O1OA==
    dependencies:
      tslib "^1.8.1"
  
  type-check@^0.4.0, type-check@~0.4.0:
    version "0.4.0"
    resolved "https://registry.npmjs.org/type-check/-/type-check-0.4.0.tgz"
    integrity sha512-XleUoc9uwGXqjWwXaUTZAmzMcFZ5858QA2vvx1Ur5xIcixXIP+8LnFDgRplU30us6teqdlskFfu+ae4K79Ooew==
    dependencies:
      prelude-ls "^1.2.1"
  
  type-fest@^0.20.2:
    version "0.20.2"
    resolved "https://registry.npmjs.org/type-fest/-/type-fest-0.20.2.tgz"
    integrity sha512-Ne+eE4r0/iWnpAxD852z3A+N0Bt5RN//NjJwRd2VFHEmrywxf5vsZlh4R6lixl6B+wz/8d+maTSAkN1FIkI3LQ==
  
  type-fest@^0.21.3:
    version "0.21.3"
    resolved "https://registry.npmjs.org/type-fest/-/type-fest-0.21.3.tgz"
    integrity sha512-t0rzBq87m3fVcduHDUFhKmyyX+9eo6WQjZvf51Ea/M0Q7+T374Jp1aUiyUl0GKxp8M/OETVHSDvmkyPgvX+X2w==
  
  typedarray@^0.0.6:
    version "0.0.6"
    resolved "https://registry.npmjs.org/typedarray/-/typedarray-0.0.6.tgz"
    integrity sha1-hnrHTjhkGHsdPUfZlqeOxciDB3c=
  
  typescript@^3.9.3:
    version "3.9.10"
    resolved "https://registry.npmjs.org/typescript/-/typescript-3.9.10.tgz"
    integrity sha512-w6fIxVE/H1PkLKcCPsFqKE7Kv7QUwhU8qQY2MueZXWx5cPZdwFupLgKK3vntcK98BtNHZtAF4LA/yl2a7k8R6Q==
  
  uri-js@^4.2.2:
    version "4.4.1"
    resolved "https://registry.npmjs.org/uri-js/-/uri-js-4.4.1.tgz"
    integrity sha512-7rKUyy33Q1yc98pQ1DAmLtwX109F7TIfWlW1Ydo8Wl1ii1SeHieeh0HHfPeL2fMXK6z0s8ecKs9frCuLJvndBg==
    dependencies:
      punycode "^2.1.0"
  
  util-deprecate@~1.0.1:
    version "1.0.2"
    resolved "https://registry.npmjs.org/util-deprecate/-/util-deprecate-1.0.2.tgz"
    integrity sha1-RQ1Nyfpw3nMnYvvS1KKJgUGaDM8=
  
  v8-compile-cache@^2.0.3:
    version "2.3.0"
    resolved "https://registry.npmjs.org/v8-compile-cache/-/v8-compile-cache-2.3.0.tgz"
    integrity sha512-l8lCEmLcLYZh4nbunNZvQCJc5pv7+RCwa8q/LdUx8u7lsWvPDKmpodJAJNwkAhJC//dFY48KuIEmjtd4RViDrA==
  
  vue-eslint-parser@~7.1.0:
    version "7.1.1"
    resolved "https://registry.npmjs.org/vue-eslint-parser/-/vue-eslint-parser-7.1.1.tgz"
    integrity sha512-8FdXi0gieEwh1IprIBafpiJWcApwrU+l2FEj8c1HtHFdNXMd0+2jUSjBVmcQYohf/E72irwAXEXLga6TQcB3FA==
    dependencies:
      debug "^4.1.1"
      eslint-scope "^5.0.0"
      eslint-visitor-keys "^1.1.0"
      espree "^6.2.1"
      esquery "^1.0.1"
      lodash "^4.17.15"
  
  which@1.2.x:
    version "1.2.14"
    resolved "https://registry.npmjs.org/which/-/which-1.2.14.tgz"
    integrity sha1-mofEN48D6CfOyvGs31bHNsAcFOU=
    dependencies:
      isexe "^2.0.0"
  
  which@^1.2.9:
    version "1.3.1"
    resolved "https://registry.npmjs.org/which/-/which-1.3.1.tgz"
    integrity sha512-HxJdYWq1MTIQbJ3nw0cqssHoTNU267KlrDuGZ1WYlxDStUtKUhOaJmh112/TZmHxxUfuJqPXSOm7tDyas0OSIQ==
    dependencies:
      isexe "^2.0.0"
  
  which@^2.0.1:
    version "2.0.2"
    resolved "https://registry.npmjs.org/which/-/which-2.0.2.tgz"
    integrity sha512-BLI3Tl1TW3Pvl70l3yq3Y64i+awpwXqsGBYWkkqMtnbXgrMD+yj7rhW0kuEDxzJaYXGjEW5ogapKNMEKNMjibA==
    dependencies:
      isexe "^2.0.0"
  
  word-wrap@^1.2.3:
    version "1.2.3"
    resolved "https://registry.npmjs.org/word-wrap/-/word-wrap-1.2.3.tgz"
    integrity sha512-Hz/mrNwitNRh/HUAtM/VT/5VH+ygD6DV7mYKZAtHOrbs8U7lvPS6xf7EJKMF0uW1KJCl0H701g3ZGus+muE5vQ==
  
  wrap-ansi@^6.2.0:
    version "6.2.0"
    resolved "https://registry.npmjs.org/wrap-ansi/-/wrap-ansi-6.2.0.tgz"
    integrity sha512-r6lPcBGxZXlIcymEu7InxDMhdW0KDxpLgoFLcguasxCaJ/SOIZwINatK9KY/tf+ZrlywOKU0UDj3ATXUBfxJXA==
    dependencies:
      ansi-styles "^4.0.0"
      string-width "^4.1.0"
      strip-ansi "^6.0.0"
  
  wrap-ansi@^7.0.0:
    version "7.0.0"
    resolved "https://registry.npmjs.org/wrap-ansi/-/wrap-ansi-7.0.0.tgz"
    integrity sha512-YVGIj2kamLSTxw6NsZjoBxfSwsn0ycdesmc4p+Q21c5zPuZ1pl+NfxVdxPtdHvmNVOQ6XSYG4AUtyt/Fi7D16Q==
    dependencies:
      ansi-styles "^4.0.0"
      string-width "^4.1.0"
      strip-ansi "^6.0.0"
  
  wrappy@1:
    version "1.0.2"
    resolved "https://registry.npmjs.org/wrappy/-/wrappy-1.0.2.tgz"
    integrity sha1-tSQ9jz7BqjXxNkYFvA0QNuMKtp8=
  
  yallist@^2.1.2:
    version "2.1.2"
    resolved "https://registry.npmjs.org/yallist/-/yallist-2.1.2.tgz"
    integrity sha1-HBH5IY8HYImkfdUS+TxmmaaoHVI=
  
  yallist@^4.0.0:
    version "4.0.0"
    resolved "https://registry.npmjs.org/yallist/-/yallist-4.0.0.tgz"
    integrity sha512-3wdGidZyq5PB084XLES5TpOSRA3wjXAlIWMhum2kRcv/41Sn2emQ0dycQW4uZXLejwKvg6EsvbdlVL+FYEct7A==
  
  yaml@^1.10.2:
    version "1.10.2"
    resolved "https://registry.npmjs.org/yaml/-/yaml-1.10.2.tgz"
    integrity sha512-r3vXyErRCYJ7wg28yvBY5VSoAF8ZvlcW9/BwUzEtUsjvX/DKs24dIkuwjtuprwJJHsbyUbLApepYTR1BN4uHrg==
